#
# There is insufficient memory for the Java Runtime Environment to continue.
# Native memory allocation (malloc) failed to allocate 1012016 bytes for Chunk::new
# Possible reasons:
#   The system is out of physical RAM or swap space
#   The process is running with CompressedOops enabled, and the Java Heap may be blocking the growth of the native heap
# Possible solutions:
#   Reduce memory load on the system
#   Increase physical memory or swap space
#   Check if swap backing store is full
#   Decrease Java heap size (-Xmx/-Xms)
#   Decrease number of Java threads
#   Decrease Java thread stack sizes (-Xss)
#   Set larger code cache with -XX:ReservedCodeCacheSize=
#   JVM is running with Unscaled Compressed Oops mode in which the Java heap is
#     placed in the first 4GB address space. The Java Heap base address is the
#     maximum limit for the native heap growth. Please use -XX:HeapBaseMinAddress
#     to set the Java Heap base and to place the Java Heap above 4GB virtual address.
# This output file may be truncated or incomplete.
#
#  Out of Memory Error (arena.cpp:197), pid=8416, tid=13084
#
# JRE version: OpenJDK Runtime Environment Corretto-11.0.26.4.1 (11.0.26+4) (build 11.0.26+4-LTS)
# Java VM: OpenJDK 64-Bit Server VM Corretto-11.0.26.4.1 (11.0.26+4-LTS, mixed mode, tiered, compressed oops, g1 gc, windows-amd64)
# No core dump will be written. Minidumps are not enabled by default on client versions of Windows
#

---------------  S U M M A R Y ------------

Command Line: -ea -javaagent:C:\Users\Admin\.m2\repository/org/aspectj/aspectjweaver/1.9.20.1/aspectjweaver-1.9.20.1.jar -Didea.test.cyclic.buffer.size=1048576 -javaagent:F:\Java\InteliJi IDEA\IntelliJ IDEA Community Edition 2022.3\lib\idea_rt.jar=52944:F:\Java\InteliJi IDEA\IntelliJ IDEA Community Edition 2022.3\bin -Dfile.encoding=UTF-8 com.intellij.rt.testng.RemoteTestNGStarter -usedefaultlisteners false -socket52943 @w@C:\Users\Admin\AppData\Local\Temp\idea_working_dirs_testng.tmp -temp C:\Users\Admin\AppData\Local\Temp\idea_testng.tmp

Host: Intel(R) Core(TM) i5-6200U CPU @ 2.30GHz, 4 cores, 7G,  Windows 10 , 64 bit Build 19041 (10.0.19041.1806)
Time: Fri Jul 18 23:48:15 2025 SE Asia Standard Time elapsed time: 13.172967 seconds (0d 0h 0m 13s)

---------------  T H R E A D  ---------------

Current thread (0x0000018dfe9a4000):  JavaThread "C2 CompilerThread0" daemon [_thread_in_native, id=13084, stack(0x000000086bf00000,0x000000086c000000)]


Current CompileTask:
C2:  13173 4147   !   4       org.aspectj.weaver.World::resolve (297 bytes)

Stack: [0x000000086bf00000,0x000000086c000000]
Native frames: (J=compiled Java code, j=interpreted, Vv=VM code, C=native code)
V  [jvm.dll+0x64644a]
V  [jvm.dll+0x7dac99]
V  [jvm.dll+0x7dc399]
V  [jvm.dll+0x7dca83]
V  [jvm.dll+0x269da5]
V  [jvm.dll+0xc217c]
V  [jvm.dll+0xc272c]
V  [jvm.dll+0x2dc162]
V  [jvm.dll+0x55130b]
V  [jvm.dll+0x2215bb]
V  [jvm.dll+0x223adc]
V  [jvm.dll+0x220cf4]
V  [jvm.dll+0x19ea01]
V  [jvm.dll+0x230cb9]
V  [jvm.dll+0x22ee2f]
V  [jvm.dll+0x79bec1]
V  [jvm.dll+0x794b94]
V  [jvm.dll+0x645205]
C  [ucrtbase.dll+0x21bb2]
C  [KERNEL32.DLL+0x17034]
C  [ntdll.dll+0x52651]


---------------  P R O C E S S  ---------------

Threads class SMR info:
_java_thread_list=0x0000018d9534ac00, length=28, elements={
0x0000018df31a2800, 0x0000018dfe980800, 0x0000018dfe989800, 0x0000018dff302800,
0x0000018dfe998000, 0x0000018dfe99c000, 0x0000018dfe9a4000, 0x0000018dfe9b2800,
0x0000018dfe9b4000, 0x0000018dfe916800, 0x0000018dff9ab800, 0x0000018d961d4000,
0x0000018d93b3b800, 0x0000018d96e3d000, 0x0000018d95605000, 0x0000018d95821000,
0x0000018d9386c800, 0x0000018d97c42800, 0x0000018dffd8f800, 0x0000018dffd90800,
0x0000018dffd91000, 0x0000018dffd8e000, 0x0000018dffd8e800, 0x0000018dffd8c000,
0x0000018dffd8b800, 0x0000018dffd8d000, 0x0000018dffd92000, 0x0000018d93205800
}

Java Threads: ( => current thread )
  0x0000018df31a2800 JavaThread "Forwarding clickElement on session 0ef7fd2e0118b3b12b1f0d25287fdb49 to remote" [_thread_blocked, id=8756, stack(0x000000086b300000,0x000000086b400000)]
  0x0000018dfe980800 JavaThread "Reference Handler" daemon [_thread_blocked, id=24448, stack(0x000000086ba00000,0x000000086bb00000)]
  0x0000018dfe989800 JavaThread "Finalizer" daemon [_thread_blocked, id=23440, stack(0x000000086bb00000,0x000000086bc00000)]
  0x0000018dff302800 JavaThread "Signal Dispatcher" daemon [_thread_blocked, id=26616, stack(0x000000086bc00000,0x000000086bd00000)]
  0x0000018dfe998000 JavaThread "Attach Listener" daemon [_thread_blocked, id=25292, stack(0x000000086bd00000,0x000000086be00000)]
  0x0000018dfe99c000 JavaThread "Service Thread" daemon [_thread_blocked, id=20272, stack(0x000000086be00000,0x000000086bf00000)]
=>0x0000018dfe9a4000 JavaThread "C2 CompilerThread0" daemon [_thread_in_native, id=13084, stack(0x000000086bf00000,0x000000086c000000)]
  0x0000018dfe9b2800 JavaThread "C1 CompilerThread0" daemon [_thread_blocked, id=2568, stack(0x000000086c000000,0x000000086c100000)]
  0x0000018dfe9b4000 JavaThread "Sweeper thread" daemon [_thread_blocked, id=2928, stack(0x000000086c100000,0x000000086c200000)]
  0x0000018dfe916800 JavaThread "Common-Cleaner" daemon [_thread_blocked, id=3340, stack(0x000000086c200000,0x000000086c300000)]
  0x0000018dff9ab800 JavaThread "Monitor Ctrl-Break" daemon [_thread_in_native, id=7460, stack(0x000000086c600000,0x000000086c700000)]
  0x0000018d961d4000 JavaThread "ForkJoinPool.commonPool-worker-3" daemon [_thread_blocked, id=24596, stack(0x000000086c900000,0x000000086ca00000)]
  0x0000018d93b3b800 JavaThread "HttpClient-1-SelectorManager" daemon [_thread_in_native, id=25476, stack(0x000000086ca00000,0x000000086cb00000)]
  0x0000018d96e3d000 JavaThread "External Process Output Forwarder - C:\Users\Admin\.cache\selenium\chromedriver\win64\137.0.7151.119\chromedriver.exe" daemon [_thread_in_native, id=6756, stack(0x000000086cb00000,0x000000086cc00000)]
  0x0000018d95605000 JavaThread "Driver Service Executor" daemon [_thread_blocked, id=10500, stack(0x000000086cc00000,0x000000086cd00000)]
  0x0000018d95821000 JavaThread "Driver Service Executor" daemon [_thread_in_native, id=5392, stack(0x000000086cd00000,0x000000086ce00000)]
  0x0000018d9386c800 JavaThread "UrlChecker-2" daemon [_thread_blocked, id=24904, stack(0x000000086ce00000,0x000000086cf00000)]
  0x0000018d97c42800 JavaThread "JdkHttpClient-0-0" daemon [_thread_blocked, id=16756, stack(0x000000086d100000,0x000000086d200000)]
  0x0000018dffd8f800 JavaThread "CompletableFutureDelayScheduler" daemon [_thread_blocked, id=24748, stack(0x000000086d200000,0x000000086d300000)]
  0x0000018dffd90800 JavaThread "JdkHttpClient-0-1" daemon [_thread_blocked, id=10820, stack(0x000000086d300000,0x000000086d400000)]
  0x0000018dffd91000 JavaThread "JdkHttpClient-0-2" daemon [_thread_blocked, id=24796, stack(0x000000086d400000,0x000000086d500000)]
  0x0000018dffd8e000 JavaThread "JdkHttpClient-0-3" daemon [_thread_blocked, id=20128, stack(0x000000086d500000,0x000000086d600000)]
  0x0000018dffd8e800 JavaThread "HttpClient-2-SelectorManager" daemon [_thread_in_native, id=25548, stack(0x000000086d600000,0x000000086d700000)]
  0x0000018dffd8c000 JavaThread "JdkHttpClient-1-0" daemon [_thread_blocked, id=8404, stack(0x000000086d700000,0x000000086d800000)]
  0x0000018dffd8b800 JavaThread "JdkHttpClient-1-1" daemon [_thread_blocked, id=11368, stack(0x000000086d800000,0x000000086d900000)]
  0x0000018dffd8d000 JavaThread "JdkHttpClient-1-2" daemon [_thread_blocked, id=2112, stack(0x000000086d900000,0x000000086da00000)]
  0x0000018dffd92000 JavaThread "JdkHttpClient-1-3" daemon [_thread_blocked, id=21436, stack(0x000000086da00000,0x000000086db00000)]
  0x0000018d93205800 JavaThread "C2 CompilerThread1" daemon [_thread_blocked, id=628, stack(0x000000086c300000,0x000000086c400000)]

Other Threads:
  0x0000018dfe95b800 VMThread "VM Thread" [stack: 0x000000086b900000,0x000000086ba00000] [id=24032]
  0x0000018d931e3800 WatcherThread [stack: 0x000000086c700000,0x000000086c800000] [id=20004]
  0x0000018df31bb000 GCTaskThread "GC Thread#0" [stack: 0x000000086b400000,0x000000086b500000] [id=18984]
  0x0000018dffeae800 GCTaskThread "GC Thread#1" [stack: 0x000000086c400000,0x000000086c500000] [id=23744]
  0x0000018dffdf2800 GCTaskThread "GC Thread#2" [stack: 0x000000086c500000,0x000000086c600000] [id=23576]
  0x0000018df31ec000 ConcurrentGCThread "G1 Main Marker" [stack: 0x000000086b500000,0x000000086b600000] [id=26620]
  0x0000018df31ef000 ConcurrentGCThread "G1 Conc#0" [stack: 0x000000086b600000,0x000000086b700000] [id=23660]
  0x0000018df326e000 ConcurrentGCThread "G1 Refine#0" [stack: 0x000000086b700000,0x000000086b800000] [id=24380]
  0x0000018d93425800 ConcurrentGCThread "G1 Refine#1" [stack: 0x000000086c800000,0x000000086c900000] [id=18784]
  0x0000018df3271000 ConcurrentGCThread "G1 Young RemSet Sampling" [stack: 0x000000086b800000,0x000000086b900000] [id=19556]

Threads with active compile tasks:
C2 CompilerThread0    13224 4147   !   4       org.aspectj.weaver.World::resolve (297 bytes)

VM state:not at safepoint (normal execution)

VM Mutex/Monitor currently owned by a thread: None

Heap address: 0x0000000082400000, size: 2012 MB, Compressed Oops mode: 32-bit
Narrow klass base: 0x0000000000000000, Narrow klass shift: 3
Compressed class space size: 1073741824 Address: 0x0000000100000000

Heap:
 garbage-first heap   total 155648K, used 65932K [0x0000000082400000, 0x0000000100000000)
  region size 1024K, 37 young (37888K), 7 survivors (7168K)
 Metaspace       used 36120K, capacity 37601K, committed 37760K, reserved 1083392K
  class space    used 3856K, capacity 4449K, committed 4480K, reserved 1048576K
Heap Regions: E=young(eden), S=young(survivor), O=old, HS=humongous(starts), HC=humongous(continues), CS=collection set, F=free, A=archive, TAMS=top-at-mark-start (previous, next)
|   0|0x0000000082400000, 0x0000000082500000, 0x0000000082500000|100%|HS|  |TAMS 0x0000000082500000, 0x0000000082400000| Complete 
|   1|0x0000000082500000, 0x0000000082600000, 0x0000000082600000|100%| O|  |TAMS 0x0000000082600000, 0x0000000082500000| Untracked 
|   2|0x0000000082600000, 0x0000000082700000, 0x0000000082700000|100%| O|  |TAMS 0x0000000082700000, 0x0000000082600000| Untracked 
|   3|0x0000000082700000, 0x0000000082800000, 0x0000000082800000|100%| O|  |TAMS 0x0000000082800000, 0x0000000082700000| Untracked 
|   4|0x0000000082800000, 0x0000000082900000, 0x0000000082900000|100%| O|  |TAMS 0x0000000082900000, 0x0000000082800000| Untracked 
|   5|0x0000000082900000, 0x0000000082a00000, 0x0000000082a00000|100%| O|  |TAMS 0x0000000082a00000, 0x0000000082900000| Untracked 
|   6|0x0000000082a00000, 0x0000000082b00000, 0x0000000082b00000|100%| O|  |TAMS 0x0000000082b00000, 0x0000000082a00000| Untracked 
|   7|0x0000000082b00000, 0x0000000082c00000, 0x0000000082c00000|100%| O|  |TAMS 0x0000000082c00000, 0x0000000082b00000| Untracked 
|   8|0x0000000082c00000, 0x0000000082d00000, 0x0000000082d00000|100%| O|  |TAMS 0x0000000082d00000, 0x0000000082c00000| Untracked 
|   9|0x0000000082d00000, 0x0000000082e00000, 0x0000000082e00000|100%| O|  |TAMS 0x0000000082e00000, 0x0000000082d00000| Untracked 
|  10|0x0000000082e00000, 0x0000000082f00000, 0x0000000082f00000|100%| O|  |TAMS 0x0000000082f00000, 0x0000000082e00000| Untracked 
|  11|0x0000000082f00000, 0x0000000083000000, 0x0000000083000000|100%| O|  |TAMS 0x0000000083000000, 0x0000000082f00000| Untracked 
|  12|0x0000000083000000, 0x0000000083100000, 0x0000000083100000|100%| O|  |TAMS 0x0000000083100000, 0x0000000083000000| Untracked 
|  13|0x0000000083100000, 0x0000000083200000, 0x0000000083200000|100%| O|  |TAMS 0x0000000083200000, 0x0000000083100000| Untracked 
|  14|0x0000000083200000, 0x0000000083300000, 0x0000000083300000|100%| O|  |TAMS 0x0000000083300000, 0x0000000083200000| Untracked 
|  15|0x0000000083300000, 0x0000000083400000, 0x0000000083400000|100%| O|  |TAMS 0x0000000083400000, 0x0000000083300000| Untracked 
|  16|0x0000000083400000, 0x0000000083500000, 0x0000000083500000|100%| O|  |TAMS 0x0000000083500000, 0x0000000083400000| Untracked 
|  17|0x0000000083500000, 0x0000000083600000, 0x0000000083600000|100%| O|  |TAMS 0x0000000083600000, 0x0000000083500000| Untracked 
|  18|0x0000000083600000, 0x0000000083700000, 0x0000000083700000|100%| O|  |TAMS 0x0000000083700000, 0x0000000083600000| Untracked 
|  19|0x0000000083700000, 0x0000000083800000, 0x0000000083800000|100%| O|  |TAMS 0x0000000083800000, 0x0000000083700000| Untracked 
|  20|0x0000000083800000, 0x0000000083900000, 0x0000000083900000|100%| O|  |TAMS 0x0000000083900000, 0x0000000083800000| Untracked 
|  21|0x0000000083900000, 0x0000000083a00000, 0x0000000083a00000|100%| O|  |TAMS 0x0000000083a00000, 0x0000000083900000| Untracked 
|  22|0x0000000083a00000, 0x0000000083b00000, 0x0000000083b00000|100%| O|  |TAMS 0x0000000083b00000, 0x0000000083a00000| Untracked 
|  23|0x0000000083b00000, 0x0000000083c00000, 0x0000000083c00000|100%| O|  |TAMS 0x0000000083c00000, 0x0000000083b00000| Untracked 
|  24|0x0000000083c00000, 0x0000000083d00000, 0x0000000083d00000|100%| O|  |TAMS 0x0000000083d00000, 0x0000000083c00000| Untracked 
|  25|0x0000000083d00000, 0x0000000083e00000, 0x0000000083e00000|100%| O|  |TAMS 0x0000000083e00000, 0x0000000083d00000| Untracked 
|  26|0x0000000083e00000, 0x0000000083f00000, 0x0000000083f00000|100%| O|  |TAMS 0x0000000083f00000, 0x0000000083e00000| Untracked 
|  27|0x0000000083f00000, 0x0000000084000000, 0x0000000084000000|100%| O|  |TAMS 0x0000000084000000, 0x0000000083f00000| Untracked 
|  28|0x0000000084000000, 0x00000000840eb000, 0x0000000084100000| 91%| O|  |TAMS 0x00000000840eb000, 0x0000000084000000| Untracked 
|  29|0x0000000084100000, 0x0000000084100000, 0x0000000084200000|  0%| F|  |TAMS 0x0000000084100000, 0x0000000084100000| Untracked 
|  30|0x0000000084200000, 0x0000000084200000, 0x0000000084300000|  0%| F|  |TAMS 0x0000000084200000, 0x0000000084200000| Untracked 
|  31|0x0000000084300000, 0x0000000084300000, 0x0000000084400000|  0%| F|  |TAMS 0x0000000084300000, 0x0000000084300000| Untracked 
|  32|0x0000000084400000, 0x0000000084400000, 0x0000000084500000|  0%| F|  |TAMS 0x0000000084400000, 0x0000000084400000| Untracked 
|  33|0x0000000084500000, 0x0000000084500000, 0x0000000084600000|  0%| F|  |TAMS 0x0000000084500000, 0x0000000084500000| Untracked 
|  34|0x0000000084600000, 0x0000000084600000, 0x0000000084700000|  0%| F|  |TAMS 0x0000000084600000, 0x0000000084600000| Untracked 
|  35|0x0000000084700000, 0x0000000084700000, 0x0000000084800000|  0%| F|  |TAMS 0x0000000084700000, 0x0000000084700000| Untracked 
|  36|0x0000000084800000, 0x0000000084800000, 0x0000000084900000|  0%| F|  |TAMS 0x0000000084800000, 0x0000000084800000| Untracked 
|  37|0x0000000084900000, 0x0000000084900000, 0x0000000084a00000|  0%| F|  |TAMS 0x0000000084900000, 0x0000000084900000| Untracked 
|  38|0x0000000084a00000, 0x0000000084a00000, 0x0000000084b00000|  0%| F|  |TAMS 0x0000000084a00000, 0x0000000084a00000| Untracked 
|  39|0x0000000084b00000, 0x0000000084b00000, 0x0000000084c00000|  0%| F|  |TAMS 0x0000000084b00000, 0x0000000084b00000| Untracked 
|  40|0x0000000084c00000, 0x0000000084c00000, 0x0000000084d00000|  0%| F|  |TAMS 0x0000000084c00000, 0x0000000084c00000| Untracked 
|  41|0x0000000084d00000, 0x0000000084d00000, 0x0000000084e00000|  0%| F|  |TAMS 0x0000000084d00000, 0x0000000084d00000| Untracked 
|  42|0x0000000084e00000, 0x0000000084e00000, 0x0000000084f00000|  0%| F|  |TAMS 0x0000000084e00000, 0x0000000084e00000| Untracked 
|  43|0x0000000084f00000, 0x0000000084f00000, 0x0000000085000000|  0%| F|  |TAMS 0x0000000084f00000, 0x0000000084f00000| Untracked 
|  44|0x0000000085000000, 0x0000000085000000, 0x0000000085100000|  0%| F|  |TAMS 0x0000000085000000, 0x0000000085000000| Untracked 
|  45|0x0000000085100000, 0x0000000085100000, 0x0000000085200000|  0%| F|  |TAMS 0x0000000085100000, 0x0000000085100000| Untracked 
|  46|0x0000000085200000, 0x0000000085200000, 0x0000000085300000|  0%| F|  |TAMS 0x0000000085200000, 0x0000000085200000| Untracked 
|  47|0x0000000085300000, 0x0000000085300000, 0x0000000085400000|  0%| F|  |TAMS 0x0000000085300000, 0x0000000085300000| Untracked 
|  48|0x0000000085400000, 0x0000000085400000, 0x0000000085500000|  0%| F|  |TAMS 0x0000000085400000, 0x0000000085400000| Untracked 
|  49|0x0000000085500000, 0x0000000085500000, 0x0000000085600000|  0%| F|  |TAMS 0x0000000085500000, 0x0000000085500000| Untracked 
|  50|0x0000000085600000, 0x0000000085600000, 0x0000000085700000|  0%| F|  |TAMS 0x0000000085600000, 0x0000000085600000| Untracked 
|  51|0x0000000085700000, 0x0000000085700000, 0x0000000085800000|  0%| F|  |TAMS 0x0000000085700000, 0x0000000085700000| Untracked 
|  52|0x0000000085800000, 0x0000000085800000, 0x0000000085900000|  0%| F|  |TAMS 0x0000000085800000, 0x0000000085800000| Untracked 
|  53|0x0000000085900000, 0x0000000085900000, 0x0000000085a00000|  0%| F|  |TAMS 0x0000000085900000, 0x0000000085900000| Untracked 
|  54|0x0000000085a00000, 0x0000000085a00000, 0x0000000085b00000|  0%| F|  |TAMS 0x0000000085a00000, 0x0000000085a00000| Untracked 
|  55|0x0000000085b00000, 0x0000000085b00000, 0x0000000085c00000|  0%| F|  |TAMS 0x0000000085b00000, 0x0000000085b00000| Untracked 
|  56|0x0000000085c00000, 0x0000000085c00000, 0x0000000085d00000|  0%| F|  |TAMS 0x0000000085c00000, 0x0000000085c00000| Untracked 
|  57|0x0000000085d00000, 0x0000000085d00000, 0x0000000085e00000|  0%| F|  |TAMS 0x0000000085d00000, 0x0000000085d00000| Untracked 
|  58|0x0000000085e00000, 0x0000000085e00000, 0x0000000085f00000|  0%| F|  |TAMS 0x0000000085e00000, 0x0000000085e00000| Untracked 
|  59|0x0000000085f00000, 0x0000000085f00000, 0x0000000086000000|  0%| F|  |TAMS 0x0000000085f00000, 0x0000000085f00000| Untracked 
|  60|0x0000000086000000, 0x0000000086000000, 0x0000000086100000|  0%| F|  |TAMS 0x0000000086000000, 0x0000000086000000| Untracked 
|  61|0x0000000086100000, 0x0000000086100000, 0x0000000086200000|  0%| F|  |TAMS 0x0000000086100000, 0x0000000086100000| Untracked 
|  62|0x0000000086200000, 0x0000000086200000, 0x0000000086300000|  0%| F|  |TAMS 0x0000000086200000, 0x0000000086200000| Untracked 
|  63|0x0000000086300000, 0x0000000086300000, 0x0000000086400000|  0%| F|  |TAMS 0x0000000086300000, 0x0000000086300000| Untracked 
|  64|0x0000000086400000, 0x0000000086400000, 0x0000000086500000|  0%| F|  |TAMS 0x0000000086400000, 0x0000000086400000| Untracked 
|  65|0x0000000086500000, 0x0000000086500000, 0x0000000086600000|  0%| F|  |TAMS 0x0000000086500000, 0x0000000086500000| Untracked 
|  66|0x0000000086600000, 0x0000000086600000, 0x0000000086700000|  0%| F|  |TAMS 0x0000000086600000, 0x0000000086600000| Untracked 
|  67|0x0000000086700000, 0x0000000086700000, 0x0000000086800000|  0%| F|  |TAMS 0x0000000086700000, 0x0000000086700000| Untracked 
|  68|0x0000000086800000, 0x0000000086800000, 0x0000000086900000|  0%| F|  |TAMS 0x0000000086800000, 0x0000000086800000| Untracked 
|  69|0x0000000086900000, 0x0000000086900000, 0x0000000086a00000|  0%| F|  |TAMS 0x0000000086900000, 0x0000000086900000| Untracked 
|  70|0x0000000086a00000, 0x0000000086a00000, 0x0000000086b00000|  0%| F|  |TAMS 0x0000000086a00000, 0x0000000086a00000| Untracked 
|  71|0x0000000086b00000, 0x0000000086b00000, 0x0000000086c00000|  0%| F|  |TAMS 0x0000000086b00000, 0x0000000086b00000| Untracked 
|  72|0x0000000086c00000, 0x0000000086c00000, 0x0000000086d00000|  0%| F|  |TAMS 0x0000000086c00000, 0x0000000086c00000| Untracked 
|  73|0x0000000086d00000, 0x0000000086d00000, 0x0000000086e00000|  0%| F|  |TAMS 0x0000000086d00000, 0x0000000086d00000| Untracked 
|  74|0x0000000086e00000, 0x0000000086e00000, 0x0000000086f00000|  0%| F|  |TAMS 0x0000000086e00000, 0x0000000086e00000| Untracked 
|  75|0x0000000086f00000, 0x0000000086f00000, 0x0000000087000000|  0%| F|  |TAMS 0x0000000086f00000, 0x0000000086f00000| Untracked 
|  76|0x0000000087000000, 0x0000000087000000, 0x0000000087100000|  0%| F|  |TAMS 0x0000000087000000, 0x0000000087000000| Untracked 
|  77|0x0000000087100000, 0x0000000087100000, 0x0000000087200000|  0%| F|  |TAMS 0x0000000087100000, 0x0000000087100000| Untracked 
|  78|0x0000000087200000, 0x0000000087200000, 0x0000000087300000|  0%| F|  |TAMS 0x0000000087200000, 0x0000000087200000| Untracked 
|  79|0x0000000087300000, 0x0000000087300000, 0x0000000087400000|  0%| F|  |TAMS 0x0000000087300000, 0x0000000087300000| Untracked 
|  80|0x0000000087400000, 0x0000000087400000, 0x0000000087500000|  0%| F|  |TAMS 0x0000000087400000, 0x0000000087400000| Untracked 
|  81|0x0000000087500000, 0x0000000087500000, 0x0000000087600000|  0%| F|  |TAMS 0x0000000087500000, 0x0000000087500000| Untracked 
|  82|0x0000000087600000, 0x0000000087600000, 0x0000000087700000|  0%| F|  |TAMS 0x0000000087600000, 0x0000000087600000| Untracked 
|  83|0x0000000087700000, 0x0000000087700000, 0x0000000087800000|  0%| F|  |TAMS 0x0000000087700000, 0x0000000087700000| Untracked 
|  84|0x0000000087800000, 0x0000000087800000, 0x0000000087900000|  0%| F|  |TAMS 0x0000000087800000, 0x0000000087800000| Untracked 
|  85|0x0000000087900000, 0x0000000087900000, 0x0000000087a00000|  0%| F|  |TAMS 0x0000000087900000, 0x0000000087900000| Untracked 
|  86|0x0000000087a00000, 0x0000000087a00000, 0x0000000087b00000|  0%| F|  |TAMS 0x0000000087a00000, 0x0000000087a00000| Untracked 
|  87|0x0000000087b00000, 0x0000000087b00000, 0x0000000087c00000|  0%| F|  |TAMS 0x0000000087b00000, 0x0000000087b00000| Untracked 
|  88|0x0000000087c00000, 0x0000000087c00000, 0x0000000087d00000|  0%| F|  |TAMS 0x0000000087c00000, 0x0000000087c00000| Untracked 
|  89|0x0000000087d00000, 0x0000000087d00000, 0x0000000087e00000|  0%| F|  |TAMS 0x0000000087d00000, 0x0000000087d00000| Untracked 
|  90|0x0000000087e00000, 0x0000000087e00000, 0x0000000087f00000|  0%| F|  |TAMS 0x0000000087e00000, 0x0000000087e00000| Untracked 
|  91|0x0000000087f00000, 0x0000000087f00000, 0x0000000088000000|  0%| F|  |TAMS 0x0000000087f00000, 0x0000000087f00000| Untracked 
|  92|0x0000000088000000, 0x0000000088000000, 0x0000000088100000|  0%| F|  |TAMS 0x0000000088000000, 0x0000000088000000| Untracked 
|  93|0x0000000088100000, 0x0000000088100000, 0x0000000088200000|  0%| F|  |TAMS 0x0000000088100000, 0x0000000088100000| Untracked 
|  94|0x0000000088200000, 0x0000000088200000, 0x0000000088300000|  0%| F|  |TAMS 0x0000000088200000, 0x0000000088200000| Untracked 
|  95|0x0000000088300000, 0x0000000088300000, 0x0000000088400000|  0%| F|  |TAMS 0x0000000088300000, 0x0000000088300000| Untracked 
|  96|0x0000000088400000, 0x0000000088400000, 0x0000000088500000|  0%| F|  |TAMS 0x0000000088400000, 0x0000000088400000| Untracked 
|  97|0x0000000088500000, 0x0000000088500000, 0x0000000088600000|  0%| F|  |TAMS 0x0000000088500000, 0x0000000088500000| Untracked 
|  98|0x0000000088600000, 0x0000000088600000, 0x0000000088700000|  0%| F|  |TAMS 0x0000000088600000, 0x0000000088600000| Untracked 
|  99|0x0000000088700000, 0x0000000088700000, 0x0000000088800000|  0%| F|  |TAMS 0x0000000088700000, 0x0000000088700000| Untracked 
| 100|0x0000000088800000, 0x0000000088800000, 0x0000000088900000|  0%| F|  |TAMS 0x0000000088800000, 0x0000000088800000| Untracked 
| 101|0x0000000088900000, 0x0000000088900000, 0x0000000088a00000|  0%| F|  |TAMS 0x0000000088900000, 0x0000000088900000| Untracked 
| 102|0x0000000088a00000, 0x0000000088a00000, 0x0000000088b00000|  0%| F|  |TAMS 0x0000000088a00000, 0x0000000088a00000| Untracked 
| 103|0x0000000088b00000, 0x0000000088b00000, 0x0000000088c00000|  0%| F|  |TAMS 0x0000000088b00000, 0x0000000088b00000| Untracked 
| 104|0x0000000088c00000, 0x0000000088c00000, 0x0000000088d00000|  0%| F|  |TAMS 0x0000000088c00000, 0x0000000088c00000| Untracked 
| 105|0x0000000088d00000, 0x0000000088d00000, 0x0000000088e00000|  0%| F|  |TAMS 0x0000000088d00000, 0x0000000088d00000| Untracked 
| 106|0x0000000088e00000, 0x0000000088e00000, 0x0000000088f00000|  0%| F|  |TAMS 0x0000000088e00000, 0x0000000088e00000| Untracked 
| 107|0x0000000088f00000, 0x0000000088f00000, 0x0000000089000000|  0%| F|  |TAMS 0x0000000088f00000, 0x0000000088f00000| Untracked 
| 108|0x0000000089000000, 0x0000000089078258, 0x0000000089100000| 46%| S|CS|TAMS 0x0000000089000000, 0x0000000089000000| Complete 
| 109|0x0000000089100000, 0x0000000089200000, 0x0000000089200000|100%| S|CS|TAMS 0x0000000089100000, 0x0000000089100000| Complete 
| 110|0x0000000089200000, 0x0000000089300000, 0x0000000089300000|100%| S|CS|TAMS 0x0000000089200000, 0x0000000089200000| Complete 
| 111|0x0000000089300000, 0x0000000089400000, 0x0000000089400000|100%| S|CS|TAMS 0x0000000089300000, 0x0000000089300000| Complete 
| 112|0x0000000089400000, 0x0000000089500000, 0x0000000089500000|100%| S|CS|TAMS 0x0000000089400000, 0x0000000089400000| Complete 
| 113|0x0000000089500000, 0x0000000089600000, 0x0000000089600000|100%| S|CS|TAMS 0x0000000089500000, 0x0000000089500000| Complete 
| 114|0x0000000089600000, 0x0000000089700000, 0x0000000089700000|100%| S|CS|TAMS 0x0000000089600000, 0x0000000089600000| Complete 
| 115|0x0000000089700000, 0x0000000089700000, 0x0000000089800000|  0%| F|  |TAMS 0x0000000089700000, 0x0000000089700000| Untracked 
| 116|0x0000000089800000, 0x0000000089800000, 0x0000000089900000|  0%| F|  |TAMS 0x0000000089800000, 0x0000000089800000| Untracked 
| 117|0x0000000089900000, 0x0000000089900000, 0x0000000089a00000|  0%| F|  |TAMS 0x0000000089900000, 0x0000000089900000| Untracked 
| 118|0x0000000089a00000, 0x0000000089a00000, 0x0000000089b00000|  0%| F|  |TAMS 0x0000000089a00000, 0x0000000089a00000| Untracked 
| 119|0x0000000089b00000, 0x0000000089b00000, 0x0000000089c00000|  0%| F|  |TAMS 0x0000000089b00000, 0x0000000089b00000| Untracked 
| 120|0x0000000089c00000, 0x0000000089c00000, 0x0000000089d00000|  0%| F|  |TAMS 0x0000000089c00000, 0x0000000089c00000| Untracked 
| 121|0x0000000089d00000, 0x0000000089d00000, 0x0000000089e00000|  0%| F|  |TAMS 0x0000000089d00000, 0x0000000089d00000| Untracked 
| 122|0x0000000089e00000, 0x0000000089eb5be8, 0x0000000089f00000| 70%| E|  |TAMS 0x0000000089e00000, 0x0000000089e00000| Complete 
| 123|0x0000000089f00000, 0x000000008a000000, 0x000000008a000000|100%| E|CS|TAMS 0x0000000089f00000, 0x0000000089f00000| Complete 
| 124|0x000000008a000000, 0x000000008a100000, 0x000000008a100000|100%| E|CS|TAMS 0x000000008a000000, 0x000000008a000000| Complete 
| 125|0x000000008a100000, 0x000000008a200000, 0x000000008a200000|100%| E|CS|TAMS 0x000000008a100000, 0x000000008a100000| Complete 
| 126|0x000000008a200000, 0x000000008a300000, 0x000000008a300000|100%| E|CS|TAMS 0x000000008a200000, 0x000000008a200000| Complete 
| 127|0x000000008a300000, 0x000000008a400000, 0x000000008a400000|100%| E|CS|TAMS 0x000000008a300000, 0x000000008a300000| Complete 
| 128|0x000000008a400000, 0x000000008a500000, 0x000000008a500000|100%| E|CS|TAMS 0x000000008a400000, 0x000000008a400000| Complete 
| 129|0x000000008a500000, 0x000000008a600000, 0x000000008a600000|100%| E|CS|TAMS 0x000000008a500000, 0x000000008a500000| Complete 
| 130|0x000000008a600000, 0x000000008a700000, 0x000000008a700000|100%| E|CS|TAMS 0x000000008a600000, 0x000000008a600000| Complete 
| 131|0x000000008a700000, 0x000000008a800000, 0x000000008a800000|100%| E|CS|TAMS 0x000000008a700000, 0x000000008a700000| Complete 
| 132|0x000000008a800000, 0x000000008a900000, 0x000000008a900000|100%| E|CS|TAMS 0x000000008a800000, 0x000000008a800000| Complete 
| 133|0x000000008a900000, 0x000000008aa00000, 0x000000008aa00000|100%| E|CS|TAMS 0x000000008a900000, 0x000000008a900000| Complete 
| 134|0x000000008aa00000, 0x000000008ab00000, 0x000000008ab00000|100%| E|CS|TAMS 0x000000008aa00000, 0x000000008aa00000| Complete 
| 135|0x000000008ab00000, 0x000000008ac00000, 0x000000008ac00000|100%| E|CS|TAMS 0x000000008ab00000, 0x000000008ab00000| Complete 
| 136|0x000000008ac00000, 0x000000008ad00000, 0x000000008ad00000|100%| E|CS|TAMS 0x000000008ac00000, 0x000000008ac00000| Complete 
| 137|0x000000008ad00000, 0x000000008ae00000, 0x000000008ae00000|100%| E|CS|TAMS 0x000000008ad00000, 0x000000008ad00000| Complete 
| 138|0x000000008ae00000, 0x000000008af00000, 0x000000008af00000|100%| E|CS|TAMS 0x000000008ae00000, 0x000000008ae00000| Complete 
| 139|0x000000008af00000, 0x000000008b000000, 0x000000008b000000|100%| E|CS|TAMS 0x000000008af00000, 0x000000008af00000| Complete 
| 140|0x000000008b000000, 0x000000008b100000, 0x000000008b100000|100%| E|CS|TAMS 0x000000008b000000, 0x000000008b000000| Complete 
| 141|0x000000008b100000, 0x000000008b200000, 0x000000008b200000|100%| E|CS|TAMS 0x000000008b100000, 0x000000008b100000| Complete 
| 142|0x000000008b200000, 0x000000008b300000, 0x000000008b300000|100%| E|CS|TAMS 0x000000008b200000, 0x000000008b200000| Complete 
| 143|0x000000008b300000, 0x000000008b400000, 0x000000008b400000|100%| E|CS|TAMS 0x000000008b300000, 0x000000008b300000| Complete 
| 144|0x000000008b400000, 0x000000008b500000, 0x000000008b500000|100%| E|CS|TAMS 0x000000008b400000, 0x000000008b400000| Complete 
| 145|0x000000008b500000, 0x000000008b600000, 0x000000008b600000|100%| E|CS|TAMS 0x000000008b500000, 0x000000008b500000| Complete 
| 146|0x000000008b600000, 0x000000008b700000, 0x000000008b700000|100%| E|CS|TAMS 0x000000008b600000, 0x000000008b600000| Complete 
| 147|0x000000008b700000, 0x000000008b800000, 0x000000008b800000|100%| E|CS|TAMS 0x000000008b700000, 0x000000008b700000| Complete 
| 148|0x000000008b800000, 0x000000008b900000, 0x000000008b900000|100%| E|CS|TAMS 0x000000008b800000, 0x000000008b800000| Complete 
| 149|0x000000008b900000, 0x000000008ba00000, 0x000000008ba00000|100%| E|CS|TAMS 0x000000008b900000, 0x000000008b900000| Complete 
| 150|0x000000008ba00000, 0x000000008bb00000, 0x000000008bb00000|100%| E|CS|TAMS 0x000000008ba00000, 0x000000008ba00000| Complete 
| 151|0x000000008bb00000, 0x000000008bc00000, 0x000000008bc00000|100%| E|CS|TAMS 0x000000008bb00000, 0x000000008bb00000| Complete 

Card table byte_map: [0x0000018dfbd40000,0x0000018dfc130000] _byte_map_base: 0x0000018dfb92e000

Marking Bits (Prev, Next): (CMBitMap*) 0x0000018df31e35c8, (CMBitMap*) 0x0000018df31e3600
 Prev Bits: [0x0000018dfc520000, 0x0000018dfe490000)
 Next Bits: [0x0000018d8f000000, 0x0000018d90f70000)

Polling page: 0x0000018df0f70000

Metaspace:

Usage:
  Non-class:     32.38 MB capacity,    31.51 MB ( 97%) used,   718.58 KB (  2%) free+waste,   169.81 KB ( <1%) overhead. 
      Class:      4.34 MB capacity,     3.77 MB ( 87%) used,   509.14 KB ( 11%) free+waste,    82.88 KB (  2%) overhead. 
       Both:     36.72 MB capacity,    35.27 MB ( 96%) used,     1.20 MB (  3%) free+waste,   252.69 KB ( <1%) overhead. 

Virtual space:
  Non-class space:       34.00 MB reserved,      32.50 MB ( 96%) committed 
      Class space:        1.00 GB reserved,       4.38 MB ( <1%) committed 
             Both:        1.03 GB reserved,      36.88 MB (  3%) committed 

Chunk freelists:
   Non-Class:  0 bytes
       Class:  0 bytes
        Both:  0 bytes

MaxMetaspaceSize: 17179869184.00 GB
CompressedClassSpaceSize: 1.00 GB
Initial GC threshold: 20.80 MB
Current GC threshold: 58.75 MB
CDS: off

CodeHeap 'non-profiled nmethods': size=120064Kb used=2630Kb max_used=2630Kb free=117433Kb
 bounds [0x0000018d87ac0000, 0x0000018d87d60000, 0x0000018d8f000000]
CodeHeap 'profiled nmethods': size=120000Kb used=10052Kb max_used=10052Kb free=109948Kb
 bounds [0x0000018d80590000, 0x0000018d80f70000, 0x0000018d87ac0000]
CodeHeap 'non-nmethods': size=5696Kb used=1284Kb max_used=1347Kb free=4411Kb
 bounds [0x0000018d80000000, 0x0000018d80270000, 0x0000018d80590000]
 total_blobs=4676 nmethods=4098 adapters=490
 compilation: enabled
              stopped_count=0, restarted_count=0
 full_count=0

Compilation events (20 events):
Event: 13.122 Thread 0x0000018dfe9b2800 nmethod 4167 0x0000018d80f52390 code [0x0000018d80f52540, 0x0000018d80f526e8]
Event: 13.123 Thread 0x0000018dfe9b2800 4168       3       java.util.HashMap::clear (50 bytes)
Event: 13.123 Thread 0x0000018dfe9b2800 nmethod 4168 0x0000018d80f52790 code [0x0000018d80f52960, 0x0000018d80f52d18]
Event: 13.125 Thread 0x0000018dfe9b2800 4169       3       org.openqa.selenium.remote.Command::getName (8 bytes)
Event: 13.125 Thread 0x0000018dfe9b2800 nmethod 4169 0x0000018d80f52e10 code [0x0000018d80f52fc0, 0x0000018d80f530f8]
Event: 13.127 Thread 0x0000018dfe9b2800 4170       3       java.util.List::spliterator (23 bytes)
Event: 13.128 Thread 0x0000018dfe9b2800 nmethod 4170 0x0000018d80f53210 code [0x0000018d80f53400, 0x0000018d80f53978]
Event: 13.128 Thread 0x0000018dfe9b2800 4171       3       java.util.AbstractList$RandomAccessSpliterator::estimateSize (11 bytes)
Event: 13.128 Thread 0x0000018dfe9b2800 nmethod 4171 0x0000018d80f53b10 code [0x0000018d80f53cc0, 0x0000018d80f53e08]
Event: 13.129 Thread 0x0000018dfe9b2800 4172       3       jdk.internal.net.http.HttpClientImpl$DelegatingExecutor::execute (32 bytes)
Event: 13.130 Thread 0x0000018dfe9b2800 nmethod 4172 0x0000018d80f53e90 code [0x0000018d80f54080, 0x0000018d80f544d8]
Event: 13.132 Thread 0x0000018d93205800 nmethod 4163 0x0000018d87d4f410 code [0x0000018d87d4f660, 0x0000018d87d50600]
Event: 13.132 Thread 0x0000018d93205800 4158       4       sun.net.www.protocol.file.Handler::parseURL (18 bytes)
Event: 13.152 Thread 0x0000018d93205800 nmethod 4158 0x0000018d87d51010 code [0x0000018d87d511e0, 0x0000018d87d517c8]
Event: 13.161 Thread 0x0000018dfe9b2800 4173   !   3       java.util.concurrent.CompletableFuture::uniWhenCompleteStage (94 bytes)
Event: 13.162 Thread 0x0000018dfe9b2800 nmethod 4173 0x0000018d80f54690 code [0x0000018d80f54960, 0x0000018d80f55a38]
Event: 13.163 Thread 0x0000018dfe9b2800 4174       3       jdk.internal.net.http.SocketTube::debugState (226 bytes)
Event: 13.165 Thread 0x0000018dfe9b2800 nmethod 4174 0x0000018d80f55f90 code [0x0000018d80f56340, 0x0000018d80f57848]
Event: 13.168 Thread 0x0000018dfe9b2800 4175       3       java.util.concurrent.ConcurrentLinkedDeque::first (65 bytes)
Event: 13.170 Thread 0x0000018dfe9b2800 nmethod 4175 0x0000018d80f58210 code [0x0000018d80f584c0, 0x0000018d80f59198]

GC Heap History (14 events):
Event: 0.959 GC heap before
{Heap before GC invocations=0 (full 0):
 garbage-first heap   total 129024K, used 15360K [0x0000000082400000, 0x0000000100000000)
  region size 1024K, 14 young (14336K), 0 survivors (0K)
 Metaspace       used 10092K, capacity 10308K, committed 10496K, reserved 1058816K
  class space    used 930K, capacity 990K, committed 1024K, reserved 1048576K
}
Event: 0.970 GC heap after
{Heap after GC invocations=1 (full 0):
 garbage-first heap   total 129024K, used 4060K [0x0000000082400000, 0x0000000100000000)
  region size 1024K, 2 young (2048K), 2 survivors (2048K)
 Metaspace       used 10092K, capacity 10308K, committed 10496K, reserved 1058816K
  class space    used 930K, capacity 990K, committed 1024K, reserved 1048576K
}
Event: 3.300 GC heap before
{Heap before GC invocations=1 (full 0):
 garbage-first heap   total 129024K, used 78812K [0x0000000082400000, 0x0000000100000000)
  region size 1024K, 75 young (76800K), 2 survivors (2048K)
 Metaspace       used 18503K, capacity 18788K, committed 18944K, reserved 1067008K
  class space    used 1695K, capacity 1770K, committed 1792K, reserved 1048576K
}
Event: 3.320 GC heap after
{Heap after GC invocations=2 (full 0):
 garbage-first heap   total 129024K, used 15509K [0x0000000082400000, 0x0000000100000000)
  region size 1024K, 10 young (10240K), 10 survivors (10240K)
 Metaspace       used 18503K, capacity 18788K, committed 18944K, reserved 1067008K
  class space    used 1695K, capacity 1770K, committed 1792K, reserved 1048576K
}
Event: 3.622 GC heap before
{Heap before GC invocations=2 (full 0):
 garbage-first heap   total 129024K, used 35989K [0x0000000082400000, 0x0000000100000000)
  region size 1024K, 30 young (30720K), 10 survivors (10240K)
 Metaspace       used 19676K, capacity 19923K, committed 20096K, reserved 1067008K
  class space    used 1776K, capacity 1871K, committed 1920K, reserved 1048576K
}
Event: 3.641 GC heap after
{Heap after GC invocations=3 (full 0):
 garbage-first heap   total 129024K, used 19068K [0x0000000082400000, 0x0000000100000000)
  region size 1024K, 4 young (4096K), 4 survivors (4096K)
 Metaspace       used 19676K, capacity 19923K, committed 20096K, reserved 1067008K
  class space    used 1776K, capacity 1871K, committed 1920K, reserved 1048576K
}
Event: 4.044 GC heap before
{Heap before GC invocations=3 (full 0):
 garbage-first heap   total 129024K, used 46716K [0x0000000082400000, 0x0000000100000000)
  region size 1024K, 32 young (32768K), 4 survivors (4096K)
 Metaspace       used 20928K, capacity 21139K, committed 21248K, reserved 1069056K
  class space    used 1902K, capacity 1999K, committed 2048K, reserved 1048576K
}
Event: 4.052 GC heap after
{Heap after GC invocations=4 (full 0):
 garbage-first heap   total 129024K, used 20986K [0x0000000082400000, 0x0000000100000000)
  region size 1024K, 2 young (2048K), 2 survivors (2048K)
 Metaspace       used 20928K, capacity 21139K, committed 21248K, reserved 1069056K
  class space    used 1902K, capacity 1999K, committed 2048K, reserved 1048576K
}
Event: 5.112 GC heap before
{Heap before GC invocations=5 (full 0):
 garbage-first heap   total 129024K, used 72186K [0x0000000082400000, 0x0000000100000000)
  region size 1024K, 52 young (53248K), 2 survivors (2048K)
 Metaspace       used 24499K, capacity 25201K, committed 25344K, reserved 1071104K
  class space    used 2393K, capacity 2689K, committed 2816K, reserved 1048576K
}
Event: 5.121 GC heap after
{Heap after GC invocations=6 (full 0):
 garbage-first heap   total 129024K, used 24058K [0x0000000082400000, 0x0000000100000000)
  region size 1024K, 5 young (5120K), 5 survivors (5120K)
 Metaspace       used 24499K, capacity 25201K, committed 25344K, reserved 1071104K
  class space    used 2393K, capacity 2689K, committed 2816K, reserved 1048576K
}
Event: 7.253 GC heap before
{Heap before GC invocations=6 (full 0):
 garbage-first heap   total 129024K, used 77306K [0x0000000082400000, 0x0000000100000000)
  region size 1024K, 57 young (58368K), 5 survivors (5120K)
 Metaspace       used 31394K, capacity 32497K, committed 32768K, reserved 1079296K
  class space    used 3276K, capacity 3725K, committed 3840K, reserved 1048576K
}
Event: 7.271 GC heap after
{Heap after GC invocations=7 (full 0):
 garbage-first heap   total 155648K, used 29563K [0x0000000082400000, 0x0000000100000000)
  region size 1024K, 8 young (8192K), 8 survivors (8192K)
 Metaspace       used 31394K, capacity 32497K, committed 32768K, reserved 1079296K
  class space    used 3276K, capacity 3725K, committed 3840K, reserved 1048576K
}
Event: 9.851 GC heap before
{Heap before GC invocations=7 (full 0):
 garbage-first heap   total 155648K, used 66427K [0x0000000082400000, 0x0000000100000000)
  region size 1024K, 45 young (46080K), 8 survivors (8192K)
 Metaspace       used 34498K, capacity 35794K, committed 35840K, reserved 1081344K
  class space    used 3649K, capacity 4190K, committed 4224K, reserved 1048576K
}
Event: 9.876 GC heap after
{Heap after GC invocations=8 (full 0):
 garbage-first heap   total 155648K, used 36236K [0x0000000082400000, 0x0000000100000000)
  region size 1024K, 7 young (7168K), 7 survivors (7168K)
 Metaspace       used 34498K, capacity 35794K, committed 35840K, reserved 1081344K
  class space    used 3649K, capacity 4190K, committed 4224K, reserved 1048576K
}

Deoptimization events (20 events):
Event: 12.722 Thread 0x0000018dffd91000 DEOPT PACKING pc=0x0000018d87d4ca10 sp=0x000000086d4fe160
Event: 12.722 Thread 0x0000018dffd91000 DEOPT UNPACKING pc=0x0000018d8004a1af sp=0x000000086d4fe0f0 mode 2
Event: 12.722 Thread 0x0000018dffd91000 Uncommon trap: trap_request=0xffffffde fr.pc=0x0000018d87d4ca10 relative=0x0000000000000070
Event: 12.722 Thread 0x0000018dffd91000 Uncommon trap: reason=class_check action=maybe_recompile pc=0x0000018d87d4ca10 method=java.util.Collections$UnmodifiableMap$UnmodifiableEntrySet$1.hasNext()Z @ 4 c2
Event: 12.722 Thread 0x0000018dffd91000 DEOPT PACKING pc=0x0000018d87d4ca10 sp=0x000000086d4fe160
Event: 12.722 Thread 0x0000018dffd91000 DEOPT UNPACKING pc=0x0000018d8004a1af sp=0x000000086d4fe0f0 mode 2
Event: 13.026 Thread 0x0000018df31a2800 Uncommon trap: trap_request=0xffffff4d fr.pc=0x0000018d87d06f14 relative=0x0000000000000494
Event: 13.026 Thread 0x0000018df31a2800 Uncommon trap: reason=unstable_if action=reinterpret pc=0x0000018d87d06f14 method=java.util.regex.Pattern$CharPropertyGreedy.match(Ljava/util/regex/Matcher;ILjava/lang/CharSequence;)Z @ 33 c2
Event: 13.026 Thread 0x0000018df31a2800 DEOPT PACKING pc=0x0000018d87d06f14 sp=0x000000086b3fd350
Event: 13.027 Thread 0x0000018df31a2800 DEOPT UNPACKING pc=0x0000018d8004a1af sp=0x000000086b3fd2f8 mode 2
Event: 13.037 Thread 0x0000018df31a2800 Uncommon trap: trap_request=0x00000071 fr.pc=0x0000018d87c66434 relative=0x0000000000005e74
Event: 13.037 Thread 0x0000018df31a2800 Uncommon trap: reason=unloaded action=reinterpret pc=0x0000018d87c66434 method=org.aspectj.apache.bcel.classfile.Attribute.readAttribute(Ljava/io/DataInputStream;Lorg/aspectj/apache/bcel/classfile/ConstantPool;)Lorg/aspectj/apache/bcel/classfile/Attribute
Event: 13.037 Thread 0x0000018df31a2800 DEOPT PACKING pc=0x0000018d87c66434 sp=0x000000086b3f80c0
Event: 13.037 Thread 0x0000018df31a2800 DEOPT UNPACKING pc=0x0000018d8004a1af sp=0x000000086b3f80b0 mode 2
Event: 13.039 Thread 0x0000018df31a2800 DEOPT PACKING pc=0x0000018d80f3f350 sp=0x000000086b3f8eb0
Event: 13.039 Thread 0x0000018df31a2800 DEOPT UNPACKING pc=0x0000018d8004a95e sp=0x000000086b3f8338 mode 0
Event: 13.074 Thread 0x0000018df31a2800 DEOPT PACKING pc=0x0000018d80f3f350 sp=0x000000086b3fcb40
Event: 13.074 Thread 0x0000018df31a2800 DEOPT UNPACKING pc=0x0000018d8004a95e sp=0x000000086b3fbfc8 mode 0
Event: 13.084 Thread 0x0000018df31a2800 DEOPT PACKING pc=0x0000018d80f3f350 sp=0x000000086b3fd000
Event: 13.084 Thread 0x0000018df31a2800 DEOPT UNPACKING pc=0x0000018d8004a95e sp=0x000000086b3fc488 mode 0

Classes redefined (0 events):
No events

Internal exceptions (20 events):
Event: 11.334 Thread 0x0000018df31a2800 Exception <a 'java/lang/ArrayIndexOutOfBoundsException'{0x000000008a4b1ec8}> (0x000000008a4b1ec8) thrown at [s\src\hotspot\share\runtime\sharedRuntime.cpp, line 606]
Event: 11.334 Thread 0x0000018df31a2800 Exception <a 'java/lang/ArrayIndexOutOfBoundsException'{0x000000008a4b2490}: Index 11 out of bounds for length 11> (0x000000008a4b2490) thrown at [s\src\hotspot\share\interpreter\interpreterRuntime.cpp, line 444]
Event: 11.334 Thread 0x0000018df31a2800 Exception <a 'java/lang/ArrayIndexOutOfBoundsException'{0x000000008a4b3928}> (0x000000008a4b3928) thrown at [s\src\hotspot\share\runtime\sharedRuntime.cpp, line 606]
Event: 11.334 Thread 0x0000018df31a2800 Exception <a 'java/lang/ArrayIndexOutOfBoundsException'{0x000000008a4b3ef0}> (0x000000008a4b3ef0) thrown at [s\src\hotspot\share\runtime\sharedRuntime.cpp, line 606]
Event: 11.334 Thread 0x0000018df31a2800 Exception <a 'java/lang/ArrayIndexOutOfBoundsException'{0x000000008a4b44b8}: Index 9 out of bounds for length 9> (0x000000008a4b44b8) thrown at [s\src\hotspot\share\interpreter\interpreterRuntime.cpp, line 444]
Event: 11.335 Thread 0x0000018df31a2800 Exception <a 'java/lang/ArrayIndexOutOfBoundsException'{0x000000008a4bad40}> (0x000000008a4bad40) thrown at [s\src\hotspot\share\runtime\sharedRuntime.cpp, line 606]
Event: 11.335 Thread 0x0000018df31a2800 Exception <a 'java/lang/ArrayIndexOutOfBoundsException'{0x000000008a4bb308}> (0x000000008a4bb308) thrown at [s\src\hotspot\share\runtime\sharedRuntime.cpp, line 606]
Event: 11.335 Thread 0x0000018df31a2800 Exception <a 'java/lang/ArrayIndexOutOfBoundsException'{0x000000008a4bb8d0}: Index 7 out of bounds for length 7> (0x000000008a4bb8d0) thrown at [s\src\hotspot\share\interpreter\interpreterRuntime.cpp, line 444]
Event: 11.335 Thread 0x0000018df31a2800 Exception <a 'java/lang/ArrayIndexOutOfBoundsException'{0x000000008a4be9d8}> (0x000000008a4be9d8) thrown at [s\src\hotspot\share\runtime\sharedRuntime.cpp, line 606]
Event: 11.336 Thread 0x0000018df31a2800 Exception <a 'java/lang/ArrayIndexOutOfBoundsException'{0x000000008a4befa0}> (0x000000008a4befa0) thrown at [s\src\hotspot\share\runtime\sharedRuntime.cpp, line 606]
Event: 11.336 Thread 0x0000018df31a2800 Exception <a 'java/lang/ArrayIndexOutOfBoundsException'{0x000000008a4bf568}: Index 7 out of bounds for length 7> (0x000000008a4bf568) thrown at [s\src\hotspot\share\interpreter\interpreterRuntime.cpp, line 444]
Event: 11.336 Thread 0x0000018df31a2800 Exception <a 'java/lang/ArrayIndexOutOfBoundsException'{0x000000008a4c2b40}> (0x000000008a4c2b40) thrown at [s\src\hotspot\share\runtime\sharedRuntime.cpp, line 606]
Event: 11.336 Thread 0x0000018df31a2800 Exception <a 'java/lang/ArrayIndexOutOfBoundsException'{0x000000008a4c3108}> (0x000000008a4c3108) thrown at [s\src\hotspot\share\runtime\sharedRuntime.cpp, line 606]
Event: 11.336 Thread 0x0000018df31a2800 Exception <a 'java/lang/ArrayIndexOutOfBoundsException'{0x000000008a4c36d0}: Index 7 out of bounds for length 7> (0x000000008a4c36d0) thrown at [s\src\hotspot\share\interpreter\interpreterRuntime.cpp, line 444]
Event: 11.363 Thread 0x0000018df31a2800 Exception <a 'java/lang/IncompatibleClassChangeError'{0x000000008a3f98c8}: Found class java.lang.Object, but interface was expected> (0x000000008a3f98c8) thrown at [s\src\hotspot\share\interpreter\linkResolver.cpp, line 839]
Event: 11.364 Thread 0x0000018df31a2800 Exception <a 'java/lang/IncompatibleClassChangeError'{0x000000008a200b98}: Found class java.lang.Object, but interface was expected> (0x000000008a200b98) thrown at [s\src\hotspot\share\interpreter\linkResolver.cpp, line 839]
Event: 11.552 Thread 0x0000018df31a2800 Exception <a 'java/lang/IncompatibleClassChangeError'{0x000000008a24d8c0}: Found class java.lang.Object, but interface was expected> (0x000000008a24d8c0) thrown at [s\src\hotspot\share\interpreter\linkResolver.cpp, line 839]
Event: 11.553 Thread 0x0000018df31a2800 Exception <a 'java/lang/IncompatibleClassChangeError'{0x000000008a250808}: Found class java.lang.Object, but interface was expected> (0x000000008a250808) thrown at [s\src\hotspot\share\interpreter\linkResolver.cpp, line 839]
Event: 11.554 Thread 0x0000018df31a2800 Exception <a 'java/lang/IncompatibleClassChangeError'{0x000000008a255bf8}: Found class java.lang.Object, but interface was expected> (0x000000008a255bf8) thrown at [s\src\hotspot\share\interpreter\linkResolver.cpp, line 839]
Event: 11.554 Thread 0x0000018df31a2800 Exception <a 'java/lang/IncompatibleClassChangeError'{0x000000008a258b68}: Found class java.lang.Object, but interface was expected> (0x000000008a258b68) thrown at [s\src\hotspot\share\interpreter\linkResolver.cpp, line 839]

Events (20 events):
Event: 13.073 loading class org/openqa/selenium/remote/codec/w3c/W3CHttpCommandCodec done
Event: 13.075 loading class org/openqa/selenium/remote/WebElementToJsonConverter
Event: 13.075 loading class org/openqa/selenium/remote/WebElementToJsonConverter done
Event: 13.076 loading class org/openqa/selenium/WrapsElement
Event: 13.076 loading class org/openqa/selenium/WrapsElement done
Event: 13.077 loading class org/openqa/selenium/remote/ShadowRoot
Event: 13.077 loading class org/openqa/selenium/remote/ShadowRoot done
Event: 13.081 Thread 0x0000018d93205800 Thread added: 0x0000018d93205800
Event: 13.121 Executing VM operation: RevokeBias
Event: 13.121 Executing VM operation: RevokeBias done
Event: 13.121 Executing VM operation: RevokeBias
Event: 13.121 Executing VM operation: RevokeBias done
Event: 13.122 Executing VM operation: RevokeBias
Event: 13.122 Executing VM operation: RevokeBias done
Event: 13.161 Executing VM operation: RevokeBias
Event: 13.161 Executing VM operation: RevokeBias done
Event: 13.161 Executing VM operation: RevokeBias
Event: 13.161 Executing VM operation: RevokeBias done
Event: 13.161 Executing VM operation: RevokeBias
Event: 13.161 Executing VM operation: RevokeBias done


Dynamic libraries:
0x00007ff6ed3b0000 - 0x00007ff6ed3be000 	C:\Users\Admin\.jdks\corretto-11.0.26\bin\java.exe
0x00007ff86fbf0000 - 0x00007ff86fde8000 	C:\Windows\SYSTEM32\ntdll.dll
0x00007ff86f6e0000 - 0x00007ff86f79d000 	C:\Windows\System32\KERNEL32.DLL
0x00007ff86d310000 - 0x00007ff86d5de000 	C:\Windows\System32\KERNELBASE.dll
0x00007ff86d610000 - 0x00007ff86d710000 	C:\Windows\System32\ucrtbase.dll
0x00007ff866450000 - 0x00007ff86646b000 	C:\Users\Admin\.jdks\corretto-11.0.26\bin\VCRUNTIME140.dll
0x00007ff866430000 - 0x00007ff866447000 	C:\Users\Admin\.jdks\corretto-11.0.26\bin\jli.dll
0x00007ff86f340000 - 0x00007ff86f4e0000 	C:\Windows\System32\USER32.dll
0x00007ff86c720000 - 0x00007ff86c9ba000 	C:\Windows\WinSxS\amd64_microsoft.windows.common-controls_6595b64144ccf1df_6.0.19041.1110_none_60b5254171f9507e\COMCTL32.dll
0x00007ff86dc20000 - 0x00007ff86dc42000 	C:\Windows\System32\win32u.dll
0x00007ff86f7a0000 - 0x00007ff86f83e000 	C:\Windows\System32\msvcrt.dll
0x00007ff86f6b0000 - 0x00007ff86f6da000 	C:\Windows\System32\GDI32.dll
0x00007ff86d910000 - 0x00007ff86da1b000 	C:\Windows\System32\gdi32full.dll
0x00007ff86da20000 - 0x00007ff86dabd000 	C:\Windows\System32\msvcp_win.dll
0x00007ff86f9f0000 - 0x00007ff86fa20000 	C:\Windows\System32\IMM32.DLL
0x00007ff86b080000 - 0x00007ff86b08c000 	C:\Users\Admin\.jdks\corretto-11.0.26\bin\vcruntime140_1.dll
0x00007ff85ae90000 - 0x00007ff85af1d000 	C:\Users\Admin\.jdks\corretto-11.0.26\bin\msvcp140.dll
0x00007ff83b1e0000 - 0x00007ff83bda5000 	C:\Users\Admin\.jdks\corretto-11.0.26\bin\server\jvm.dll
0x00007ff86e3a0000 - 0x00007ff86e44e000 	C:\Windows\System32\ADVAPI32.dll
0x00007ff86f080000 - 0x00007ff86f11c000 	C:\Windows\System32\sechost.dll
0x00007ff86fa80000 - 0x00007ff86fba5000 	C:\Windows\System32\RPCRT4.dll
0x00007ff86f970000 - 0x00007ff86f9db000 	C:\Windows\System32\WS2_32.dll
0x00007ff86f9e0000 - 0x00007ff86f9e8000 	C:\Windows\System32\PSAPI.DLL
0x00007ff8697c0000 - 0x00007ff8697ca000 	C:\Windows\SYSTEM32\VERSION.dll
0x00007ff857fe0000 - 0x00007ff858007000 	C:\Windows\SYSTEM32\WINMM.dll
0x00007ff86aec0000 - 0x00007ff86aed2000 	C:\Windows\SYSTEM32\kernel.appcore.dll
0x00007ff866d00000 - 0x00007ff866d10000 	C:\Users\Admin\.jdks\corretto-11.0.26\bin\verify.dll
0x00007ff86cd40000 - 0x00007ff86cf24000 	C:\Windows\SYSTEM32\DBGHELP.DLL
0x00007ff86caf0000 - 0x00007ff86cb1c000 	C:\Windows\SYSTEM32\dbgcore.DLL
0x00007ff86d760000 - 0x00007ff86d7e2000 	C:\Windows\System32\bcryptPrimitives.dll
0x00007ff864750000 - 0x00007ff864778000 	C:\Users\Admin\.jdks\corretto-11.0.26\bin\java.dll
0x00007ff866af0000 - 0x00007ff866afa000 	C:\Users\Admin\.jdks\corretto-11.0.26\bin\jimage.dll
0x00007ff8663d0000 - 0x00007ff8663de000 	C:\Users\Admin\.jdks\corretto-11.0.26\bin\instrument.dll
0x00007ff8660a0000 - 0x00007ff8660b8000 	C:\Users\Admin\.jdks\corretto-11.0.26\bin\zip.dll
0x00007ff86dc50000 - 0x00007ff86e394000 	C:\Windows\System32\SHELL32.dll
0x00007ff86a610000 - 0x00007ff86ada4000 	C:\Windows\SYSTEM32\windows.storage.dll
0x00007ff86ed20000 - 0x00007ff86f074000 	C:\Windows\System32\combase.dll
0x00007ff86c680000 - 0x00007ff86c6b0000 	C:\Windows\SYSTEM32\Wldp.dll
0x00007ff86ead0000 - 0x00007ff86eb7d000 	C:\Windows\System32\SHCORE.dll
0x00007ff86e5e0000 - 0x00007ff86e635000 	C:\Windows\System32\shlwapi.dll
0x00007ff86d250000 - 0x00007ff86d26f000 	C:\Windows\SYSTEM32\profapi.dll
0x00007ff864e70000 - 0x00007ff864e89000 	C:\Users\Admin\.jdks\corretto-11.0.26\bin\net.dll
0x00007ff869f60000 - 0x00007ff86a06a000 	C:\Windows\SYSTEM32\WINHTTP.dll
0x00007ff86c370000 - 0x00007ff86c3da000 	C:\Windows\system32\mswsock.dll
0x00007ff864860000 - 0x00007ff864872000 	C:\Users\Admin\.jdks\corretto-11.0.26\bin\nio.dll
0x00007ff864670000 - 0x00007ff86468a000 	F:\Java\InteliJi IDEA\IntelliJ IDEA Community Edition 2022.3\bin\breakgen64.dll
0x00007ff86d0a0000 - 0x00007ff86d0b8000 	C:\Windows\SYSTEM32\CRYPTSP.dll
0x00007ff86bd80000 - 0x00007ff86bdb4000 	C:\Windows\system32\rsaenh.dll
0x00007ff86d5e0000 - 0x00007ff86d607000 	C:\Windows\System32\bcrypt.dll
0x00007ff86d210000 - 0x00007ff86d23e000 	C:\Windows\SYSTEM32\USERENV.dll
0x00007ff86c670000 - 0x00007ff86c67c000 	C:\Windows\SYSTEM32\CRYPTBASE.dll
0x00007ff86c0a0000 - 0x00007ff86c0db000 	C:\Windows\SYSTEM32\IPHLPAPI.DLL
0x00007ff86f6a0000 - 0x00007ff86f6a8000 	C:\Windows\System32\NSI.dll
0x00007ff861d30000 - 0x00007ff861d47000 	C:\Windows\SYSTEM32\dhcpcsvc6.DLL
0x00007ff862c60000 - 0x00007ff862c7d000 	C:\Windows\SYSTEM32\dhcpcsvc.DLL
0x00007ff86c0e0000 - 0x00007ff86c1ab000 	C:\Windows\SYSTEM32\DNSAPI.dll
0x00007ff85bbe0000 - 0x00007ff85bbea000 	C:\Windows\System32\rasadhlp.dll
0x00007ff85b2b0000 - 0x00007ff85b330000 	C:\Windows\System32\fwpuclnt.dll
0x00007ff866350000 - 0x00007ff866359000 	C:\Users\Admin\.jdks\corretto-11.0.26\bin\management.dll
0x00007ff866040000 - 0x00007ff86604b000 	C:\Users\Admin\.jdks\corretto-11.0.26\bin\management_ext.dll
0x00007ff864f00000 - 0x00007ff864f0e000 	C:\Users\Admin\.jdks\corretto-11.0.26\bin\sunmscapi.dll
0x00007ff86dac0000 - 0x00007ff86dc16000 	C:\Windows\System32\CRYPT32.dll
0x00007ff86c6f0000 - 0x00007ff86c717000 	C:\Windows\SYSTEM32\ncrypt.dll
0x00007ff86c6b0000 - 0x00007ff86c6eb000 	C:\Windows\SYSTEM32\NTASN1.dll
0x00007ff859ec0000 - 0x00007ff859ee7000 	C:\Users\Admin\.jdks\corretto-11.0.26\bin\sunec.dll
0x00007ff864370000 - 0x00007ff864387000 	C:\Windows\system32\napinsp.dll
0x00007ff864350000 - 0x00007ff86436b000 	C:\Windows\system32\pnrpnsp.dll
0x00007ff866d60000 - 0x00007ff866d75000 	C:\Windows\system32\wshbth.dll
0x00007ff867ae0000 - 0x00007ff867afd000 	C:\Windows\system32\NLAapi.dll
0x00007ff85bdd0000 - 0x00007ff85bde2000 	C:\Windows\System32\winrnr.dll

dbghelp: loaded successfully - version: 4.0.5 - missing functions: none
symbol engine: initialized successfully - sym options: 0x614 - pdb path: .;C:\Users\Admin\.jdks\corretto-11.0.26\bin;C:\Windows\SYSTEM32;C:\Windows\WinSxS\amd64_microsoft.windows.common-controls_6595b64144ccf1df_6.0.19041.1110_none_60b5254171f9507e;C:\Users\Admin\.jdks\corretto-11.0.26\bin\server;F:\Java\InteliJi IDEA\IntelliJ IDEA Community Edition 2022.3\bin

VM Arguments:
jvm_args: -ea -javaagent:C:\Users\Admin\.m2\repository/org/aspectj/aspectjweaver/1.9.20.1/aspectjweaver-1.9.20.1.jar -Didea.test.cyclic.buffer.size=1048576 -javaagent:F:\Java\InteliJi IDEA\IntelliJ IDEA Community Edition 2022.3\lib\idea_rt.jar=52944:F:\Java\InteliJi IDEA\IntelliJ IDEA Community Edition 2022.3\bin -Dfile.encoding=UTF-8 
java_command: com.intellij.rt.testng.RemoteTestNGStarter -usedefaultlisteners false -socket52943 @w@C:\Users\Admin\AppData\Local\Temp\idea_working_dirs_testng.tmp -temp C:\Users\Admin\AppData\Local\Temp\idea_testng.tmp
java_class_path (initial): F:\Java\InteliJi IDEA\IntelliJ IDEA Community Edition 2022.3\lib\idea_rt.jar;F:\Java\InteliJi IDEA\IntelliJ IDEA Community Edition 2022.3\plugins\testng\lib\testng-rt.jar;C:\Users\Admin\IdeaProjects\iviettech-AT03-EBanking\target\test-classes;C:\Users\Admin\IdeaProjects\iviettech-AT03-EBanking\target\classes;C:\Users\Admin\.m2\repository\org\testng\testng\7.11.0\testng-7.11.0.jar;C:\Users\Admin\.m2\repository\org\slf4j\slf4j-api\2.0.16\slf4j-api-2.0.16.jar;C:\Users\Admin\.m2\repository\org\jcommander\jcommander\1.83\jcommander-1.83.jar;C:\Users\Admin\.m2\repository\org\webjars\jquery\3.7.1\jquery-3.7.1.jar;C:\Users\Admin\.m2\repository\org\seleniumhq\selenium\selenium-java\4.33.0\selenium-java-4.33.0.jar;C:\Users\Admin\.m2\repository\org\seleniumhq\selenium\selenium-api\4.33.0\selenium-api-4.33.0.jar;C:\Users\Admin\.m2\repository\org\jspecify\jspecify\1.0.0\jspecify-1.0.0.jar;C:\Users\Admin\.m2\repository\org\seleniumhq\selenium\selenium-chrome-driver\4.33.0\selenium-chrome-driver-4.33.0.jar;C:\Users\Admin\.m2\repository\com\google\auto\service\auto-service-annotations\1.1.1\auto-service-annotations-1.1.1.jar;C:\Users\Admin\.m2\repository\org\seleniumhq\selenium\selenium-chromium-driver\4.33.0\selenium-chromium-driver-4.33.0.jar;C:\Users\Admin\.m2\repository\org\seleniumhq\selenium\selenium-json\4.33.0\selenium-json-4.33.0.jar;C:\Users\Admin\.m2\repository\org\seleniumhq\selenium\selenium-manager\4.33.0\selenium-manager-4.33.0.jar;C:\Users\Admin\.m2\repository\org\seleniumhq\selenium\selenium-devtools-v135\4.33.0\selenium-devtools-v135-4.33.0.jar;C:\Users\Admin\.m2\repository\org\seleniumhq\selenium\selenium-devtools-v136\4.33.0\selenium-devtools-v136-4.33.0.jar;C:\Users\Admin\.m2\repository\org\seleniumhq\selenium\selenium-devtools-v137\4.33.0\selenium-devtools-v137-4.33.0.jar;C:\Users\Admin\.m2\repository\org\seleniumhq\selenium\selenium-edge-driver\4.33.0\selenium-edge-driver-4.33.0.jar;C:\Users\Admin\.m2\repository\org\seleniumhq\sel
Launcher Type: SUN_STANDARD

[Global flags]
     intx CICompilerCount                          = 3                                         {product} {ergonomic}
     uint ConcGCThreads                            = 1                                         {product} {ergonomic}
     uint G1ConcRefinementThreads                  = 4                                         {product} {ergonomic}
   size_t G1HeapRegionSize                         = 1048576                                   {product} {ergonomic}
    uintx GCDrainStackTargetSize                   = 64                                        {product} {ergonomic}
   size_t InitialHeapSize                          = 132120576                                 {product} {ergonomic}
   size_t MarkStackSize                            = 4194304                                   {product} {ergonomic}
   size_t MaxHeapSize                              = 2109734912                                {product} {ergonomic}
   size_t MaxNewSize                               = 1265631232                                {product} {ergonomic}
   size_t MinHeapDeltaBytes                        = 1048576                                   {product} {ergonomic}
    uintx NonNMethodCodeHeapSize                   = 5830732                                {pd product} {ergonomic}
    uintx NonProfiledCodeHeapSize                  = 122913754                              {pd product} {ergonomic}
    uintx ProfiledCodeHeapSize                     = 122913754                              {pd product} {ergonomic}
    uintx ReservedCodeCacheSize                    = 251658240                              {pd product} {ergonomic}
     bool SegmentedCodeCache                       = true                                      {product} {ergonomic}
     bool UseCompressedClassPointers               = true                                 {lp64_product} {ergonomic}
     bool UseCompressedOops                        = true                                 {lp64_product} {ergonomic}
     bool UseG1GC                                  = true                                      {product} {ergonomic}
     bool UseLargePagesIndividualAllocation        = false                                  {pd product} {ergonomic}

Logging:
Log output configuration:
 #0: stdout all=warning uptime,level,tags
 #1: stderr all=off uptime,level,tags

Environment Variables:
JAVA_HOME=C:\Users\Admin\.jdks\corretto-11.0.26
PATH=C:\Program Files\Common Files\Oracle\Java\javapath;C:\Program Files (x86)\Common Files\Oracle\Java\javapath;C:\Windows\system32;C:\Windows;C:\Windows\System32\Wbem;C:\Windows\System32\WindowsPowerShell\v1.0\;C:\Windows\System32\OpenSSH\;C:\Program Files (x86)\Common Files\GTK\2.0\bin;C:\Users\Admin\d n?ng Dropbox\huy phan\PC\Downloads\apache-jmeter-5.6\apache-jmeter-5.6\bin;C:\Program Files (x86)\Windows Kits\10\Windows Performance Toolkit\;C:\Program Files\Cloudflare\Cloudflare WARP\;C:\Users\Admin\AppData\Local\Microsoft\WindowsApps;F:\Java\InteliJi IDEA\IntelliJ IDEA Community Edition 2022.3\bin;;F:\Microsoft VS Code\bin;C:\Users\Admin\.jdks\corretto-11.0.26\bin;F:\setup allure\allure-2.34.0\allure-2.34.0\bin;
USERNAME=Admin
OS=Windows_NT
PROCESSOR_IDENTIFIER=Intel64 Family 6 Model 78 Stepping 3, GenuineIntel
TMP=C:\Users\Admin\AppData\Local\Temp
TEMP=C:\Users\Admin\AppData\Local\Temp



---------------  S Y S T E M  ---------------

OS: Windows 10 , 64 bit Build 19041 (10.0.19041.1806)
OS uptime: 93 days 5:05 hours

CPU:total 4 (initial active 4) (2 cores per cpu, 2 threads per core) family 6 model 78 stepping 3 microcode 0xcc, cmov, cx8, fxsr, mmx, sse, sse2, sse3, ssse3, sse4.1, sse4.2, popcnt, avx, avx2, aes, clmul, erms, 3dnowpref, lzcnt, ht, tsc, tscinvbit, bmi1, bmi2, adx, fma

Memory: 4k page, system-wide physical 8047M (422M free)
TotalPageFile size 13757M (AvailPageFile size 4M)
current process WorkingSet (physical memory assigned to process): 266M, peak: 287M
current process commit charge ("private bytes"): 307M, peak: 329M

vm_info: OpenJDK 64-Bit Server VM (11.0.26+4-LTS) for windows-amd64 JRE (11.0.26+4-LTS), built on Jan 13 2025 17:23:34 by "Administrator" with MS VC++ 16.10 / 16.11 (VS2019)

END.
