#
# There is insufficient memory for the Java Runtime Environment to continue.
# Native memory allocation (malloc) failed to allocate 356096 bytes for Chunk::new
# Possible reasons:
#   The system is out of physical RAM or swap space
#   The process is running with CompressedOops enabled, and the Java Heap may be blocking the growth of the native heap
# Possible solutions:
#   Reduce memory load on the system
#   Increase physical memory or swap space
#   Check if swap backing store is full
#   Decrease Java heap size (-Xmx/-Xms)
#   Decrease number of Java threads
#   Decrease Java thread stack sizes (-Xss)
#   Set larger code cache with -XX:ReservedCodeCacheSize=
#   JVM is running with Unscaled Compressed Oops mode in which the Java heap is
#     placed in the first 4GB address space. The Java Heap base address is the
#     maximum limit for the native heap growth. Please use -XX:HeapBaseMinAddress
#     to set the Java Heap base and to place the Java Heap above 4GB virtual address.
# This output file may be truncated or incomplete.
#
#  Out of Memory Error (arena.cpp:197), pid=25444, tid=3728
#
# JRE version: OpenJDK Runtime Environment Corretto-11.0.26.4.1 (11.0.26+4) (build 11.0.26+4-LTS)
# Java VM: OpenJDK 64-Bit Server VM Corretto-11.0.26.4.1 (11.0.26+4-LTS, mixed mode, tiered, compressed oops, g1 gc, windows-amd64)
# No core dump will be written. Minidumps are not enabled by default on client versions of Windows
#

---------------  S U M M A R Y ------------

Command Line: -ea -javaagent:C:\Users\Admin\.m2\repository/org/aspectj/aspectjweaver/1.9.20.1/aspectjweaver-1.9.20.1.jar -Didea.test.cyclic.buffer.size=1048576 -javaagent:F:\Java\InteliJi IDEA\IntelliJ IDEA Community Edition 2022.3\lib\idea_rt.jar=59870:F:\Java\InteliJi IDEA\IntelliJ IDEA Community Edition 2022.3\bin -Dfile.encoding=UTF-8 com.intellij.rt.testng.RemoteTestNGStarter -usedefaultlisteners false -socket59869 @w@C:\Users\Admin\AppData\Local\Temp\idea_working_dirs_testng.tmp -temp C:\Users\Admin\AppData\Local\Temp\idea_testng.tmp

Host: Intel(R) Core(TM) i5-6200U CPU @ 2.30GHz, 4 cores, 7G,  Windows 10 , 64 bit Build 19041 (10.0.19041.1806)
Time: Sat Jul 19 12:00:31 2025 SE Asia Standard Time elapsed time: 12.956130 seconds (0d 0h 0m 12s)

---------------  T H R E A D  ---------------

Current thread (0x000002abfbee9000):  JavaThread "C2 CompilerThread0" daemon [_thread_in_native, id=3728, stack(0x000000e9cea00000,0x000000e9ceb00000)]


Current CompileTask:
C2:  12956 4374       4       java.lang.invoke.MethodType$ConcurrentWeakInternSet::get (54 bytes)

Stack: [0x000000e9cea00000,0x000000e9ceb00000]
Native frames: (J=compiled Java code, j=interpreted, Vv=VM code, C=native code)
V  [jvm.dll+0x64644a]
V  [jvm.dll+0x7dac99]
V  [jvm.dll+0x7dc399]
V  [jvm.dll+0x7dca83]
V  [jvm.dll+0x269da5]
V  [jvm.dll+0xc217c]
V  [jvm.dll+0xc272c]
V  [jvm.dll+0x2dc162]
V  [jvm.dll+0x55130b]
V  [jvm.dll+0x2215bb]
V  [jvm.dll+0x223beb]
V  [jvm.dll+0x220cf4]
V  [jvm.dll+0x19ea01]
V  [jvm.dll+0x230cb9]
V  [jvm.dll+0x22ee2f]
V  [jvm.dll+0x79bec1]
V  [jvm.dll+0x794b94]
V  [jvm.dll+0x645205]
C  [ucrtbase.dll+0x21bb2]
C  [KERNEL32.DLL+0x17034]
C  [ntdll.dll+0x52651]


---------------  P R O C E S S  ---------------

Threads class SMR info:
_java_thread_list=0x000002abfdb09340, length=28, elements={
0x000002abec763000, 0x000002abfbe9c800, 0x000002abfbec8800, 0x000002abfc842800,
0x000002abfc843800, 0x000002abfbed9000, 0x000002abfbee9000, 0x000002abfbefb000,
0x000002abfbefe000, 0x000002abfbe56000, 0x000002abfd41c800, 0x000002abffa8c000,
0x000002ab9097e800, 0x000002ab900ac800, 0x000002ab8fe4d000, 0x000002abfdd8f000,
0x000002abfdfb5800, 0x000002ab8f40f000, 0x000002ab8f40e000, 0x000002ab8f410000,
0x000002ab8f410800, 0x000002ab8f411800, 0x000002ab8f412000, 0x000002ab8f414000,
0x000002ab8f413000, 0x000002ab8f414800, 0x000002abfc9fc000, 0x000002abfd49e000
}

Java Threads: ( => current thread )
  0x000002abec763000 JavaThread "main" [_thread_blocked, id=17412, stack(0x000000e9cde00000,0x000000e9cdf00000)]
  0x000002abfbe9c800 JavaThread "Reference Handler" daemon [_thread_blocked, id=21564, stack(0x000000e9ce500000,0x000000e9ce600000)]
  0x000002abfbec8800 JavaThread "Finalizer" daemon [_thread_blocked, id=14664, stack(0x000000e9ce600000,0x000000e9ce700000)]
  0x000002abfc842800 JavaThread "Signal Dispatcher" daemon [_thread_blocked, id=5704, stack(0x000000e9ce700000,0x000000e9ce800000)]
  0x000002abfc843800 JavaThread "Attach Listener" daemon [_thread_blocked, id=24652, stack(0x000000e9ce800000,0x000000e9ce900000)]
  0x000002abfbed9000 JavaThread "Service Thread" daemon [_thread_blocked, id=26548, stack(0x000000e9ce900000,0x000000e9cea00000)]
=>0x000002abfbee9000 JavaThread "C2 CompilerThread0" daemon [_thread_in_native, id=3728, stack(0x000000e9cea00000,0x000000e9ceb00000)]
  0x000002abfbefb000 JavaThread "C1 CompilerThread0" daemon [_thread_blocked, id=17556, stack(0x000000e9ceb00000,0x000000e9cec00000)]
  0x000002abfbefe000 JavaThread "Sweeper thread" daemon [_thread_blocked, id=20888, stack(0x000000e9cec00000,0x000000e9ced00000)]
  0x000002abfbe56000 JavaThread "Common-Cleaner" daemon [_thread_blocked, id=19516, stack(0x000000e9ced00000,0x000000e9cee00000)]
  0x000002abfd41c800 JavaThread "Monitor Ctrl-Break" daemon [_thread_in_native, id=976, stack(0x000000e9cee00000,0x000000e9cef00000)]
  0x000002abffa8c000 JavaThread "ForkJoinPool.commonPool-worker-3" daemon [_thread_blocked, id=21320, stack(0x000000e9cf300000,0x000000e9cf400000)]
  0x000002ab9097e800 JavaThread "HttpClient-1-SelectorManager" daemon [_thread_in_native, id=9820, stack(0x000000e9cf400000,0x000000e9cf500000)]
  0x000002ab900ac800 JavaThread "External Process Output Forwarder - C:\Users\Admin\.cache\selenium\chromedriver\win64\137.0.7151.119\chromedriver.exe" daemon [_thread_in_native, id=25272, stack(0x000000e9cf500000,0x000000e9cf600000)]
  0x000002ab8fe4d000 JavaThread "Driver Service Executor" daemon [_thread_blocked, id=21932, stack(0x000000e9cf600000,0x000000e9cf700000)]
  0x000002abfdd8f000 JavaThread "Driver Service Executor" daemon [_thread_in_native, id=24080, stack(0x000000e9cf700000,0x000000e9cf800000)]
  0x000002abfdfb5800 JavaThread "UrlChecker-2" daemon [_thread_blocked, id=1692, stack(0x000000e9cf800000,0x000000e9cf900000)]
  0x000002ab8f40f000 JavaThread "JdkHttpClient-0-0" daemon [_thread_blocked, id=10132, stack(0x000000e9cfb00000,0x000000e9cfc00000)]
  0x000002ab8f40e000 JavaThread "CompletableFutureDelayScheduler" daemon [_thread_blocked, id=17208, stack(0x000000e9cfc00000,0x000000e9cfd00000)]
  0x000002ab8f410000 JavaThread "JdkHttpClient-0-1" daemon [_thread_blocked, id=24196, stack(0x000000e9cfd00000,0x000000e9cfe00000)]
  0x000002ab8f410800 JavaThread "JdkHttpClient-0-2" daemon [_thread_blocked, id=27524, stack(0x000000e9cfe00000,0x000000e9cff00000)]
  0x000002ab8f411800 JavaThread "JdkHttpClient-0-3" daemon [_thread_blocked, id=27564, stack(0x000000e9cff00000,0x000000e9d0000000)]
  0x000002ab8f412000 JavaThread "HttpClient-2-SelectorManager" daemon [_thread_in_native, id=10416, stack(0x000000e9d0000000,0x000000e9d0100000)]
  0x000002ab8f414000 JavaThread "JdkHttpClient-1-0" daemon [_thread_blocked, id=19376, stack(0x000000e9d0100000,0x000000e9d0200000)]
  0x000002ab8f413000 JavaThread "JdkHttpClient-1-1" daemon [_thread_blocked, id=23788, stack(0x000000e9d0200000,0x000000e9d0300000)]
  0x000002ab8f414800 JavaThread "JdkHttpClient-1-2" daemon [_thread_blocked, id=26764, stack(0x000000e9d0300000,0x000000e9d0400000)]
  0x000002abfc9fc000 JavaThread "JdkHttpClient-1-3" daemon [_thread_blocked, id=13884, stack(0x000000e9d0400000,0x000000e9d0500000)]
  0x000002abfd49e000 JavaThread "C2 CompilerThread1" daemon [_thread_in_native, id=13912, stack(0x000000e9cf200000,0x000000e9cf300000)]

Other Threads:
  0x000002abfbe9a000 VMThread "VM Thread" [stack: 0x000000e9ce400000,0x000000e9ce500000] [id=10248]
  0x000002abfd52a000 WatcherThread [stack: 0x000000e9cf100000,0x000000e9cf200000] [id=7336]
  0x000002abec77b800 GCTaskThread "GC Thread#0" [stack: 0x000000e9cdf00000,0x000000e9ce000000] [id=11432]
  0x000002abfd2a0000 GCTaskThread "GC Thread#1" [stack: 0x000000e9cef00000,0x000000e9cf000000] [id=9608]
  0x000002abfd4e7800 GCTaskThread "GC Thread#2" [stack: 0x000000e9cf000000,0x000000e9cf100000] [id=22912]
  0x000002abec7ac000 ConcurrentGCThread "G1 Main Marker" [stack: 0x000000e9ce000000,0x000000e9ce100000] [id=25412]
  0x000002abec7ae000 ConcurrentGCThread "G1 Conc#0" [stack: 0x000000e9ce100000,0x000000e9ce200000] [id=21028]
  0x000002abec82e800 ConcurrentGCThread "G1 Refine#0" [stack: 0x000000e9ce200000,0x000000e9ce300000] [id=22164]
  0x000002abfbd11800 ConcurrentGCThread "G1 Young RemSet Sampling" [stack: 0x000000e9ce300000,0x000000e9ce400000] [id=8348]

Threads with active compile tasks:
C2 CompilerThread0    13008 4374       4       java.lang.invoke.MethodType$ConcurrentWeakInternSet::get (54 bytes)
C2 CompilerThread1    13009 4373       4       java.lang.invoke.MethodType::makeImpl (108 bytes)

VM state:not at safepoint (normal execution)

VM Mutex/Monitor currently owned by a thread: None

Heap address: 0x0000000082400000, size: 2012 MB, Compressed Oops mode: 32-bit
Narrow klass base: 0x0000000000000000, Narrow klass shift: 3
Compressed class space size: 1073741824 Address: 0x0000000100000000

Heap:
 garbage-first heap   total 155648K, used 69632K [0x0000000082400000, 0x0000000100000000)
  region size 1024K, 40 young (40960K), 6 survivors (6144K)
 Metaspace       used 36422K, capacity 37891K, committed 38144K, reserved 1083392K
  class space    used 3883K, capacity 4524K, committed 4608K, reserved 1048576K
Heap Regions: E=young(eden), S=young(survivor), O=old, HS=humongous(starts), HC=humongous(continues), CS=collection set, F=free, A=archive, TAMS=top-at-mark-start (previous, next)
|   0|0x0000000082400000, 0x0000000082500000, 0x0000000082500000|100%|HS|  |TAMS 0x0000000082500000, 0x0000000082400000| Complete 
|   1|0x0000000082500000, 0x0000000082600000, 0x0000000082600000|100%| O|  |TAMS 0x0000000082600000, 0x0000000082500000| Untracked 
|   2|0x0000000082600000, 0x0000000082700000, 0x0000000082700000|100%| O|  |TAMS 0x0000000082700000, 0x0000000082600000| Untracked 
|   3|0x0000000082700000, 0x0000000082800000, 0x0000000082800000|100%| O|  |TAMS 0x0000000082800000, 0x0000000082700000| Untracked 
|   4|0x0000000082800000, 0x0000000082900000, 0x0000000082900000|100%| O|  |TAMS 0x0000000082900000, 0x0000000082800000| Untracked 
|   5|0x0000000082900000, 0x0000000082a00000, 0x0000000082a00000|100%| O|  |TAMS 0x0000000082a00000, 0x0000000082900000| Untracked 
|   6|0x0000000082a00000, 0x0000000082b00000, 0x0000000082b00000|100%| O|  |TAMS 0x0000000082b00000, 0x0000000082a00000| Untracked 
|   7|0x0000000082b00000, 0x0000000082c00000, 0x0000000082c00000|100%| O|  |TAMS 0x0000000082c00000, 0x0000000082b00000| Untracked 
|   8|0x0000000082c00000, 0x0000000082d00000, 0x0000000082d00000|100%| O|  |TAMS 0x0000000082d00000, 0x0000000082c00000| Untracked 
|   9|0x0000000082d00000, 0x0000000082e00000, 0x0000000082e00000|100%| O|  |TAMS 0x0000000082e00000, 0x0000000082d00000| Untracked 
|  10|0x0000000082e00000, 0x0000000082f00000, 0x0000000082f00000|100%| O|  |TAMS 0x0000000082f00000, 0x0000000082e00000| Untracked 
|  11|0x0000000082f00000, 0x0000000083000000, 0x0000000083000000|100%| O|  |TAMS 0x0000000083000000, 0x0000000082f00000| Untracked 
|  12|0x0000000083000000, 0x0000000083100000, 0x0000000083100000|100%| O|  |TAMS 0x0000000083100000, 0x0000000083000000| Untracked 
|  13|0x0000000083100000, 0x0000000083200000, 0x0000000083200000|100%| O|  |TAMS 0x0000000083200000, 0x0000000083100000| Untracked 
|  14|0x0000000083200000, 0x0000000083300000, 0x0000000083300000|100%| O|  |TAMS 0x0000000083300000, 0x0000000083200000| Untracked 
|  15|0x0000000083300000, 0x0000000083400000, 0x0000000083400000|100%| O|  |TAMS 0x0000000083400000, 0x0000000083300000| Untracked 
|  16|0x0000000083400000, 0x0000000083500000, 0x0000000083500000|100%| O|  |TAMS 0x0000000083500000, 0x0000000083400000| Untracked 
|  17|0x0000000083500000, 0x0000000083600000, 0x0000000083600000|100%| O|  |TAMS 0x0000000083600000, 0x0000000083500000| Untracked 
|  18|0x0000000083600000, 0x0000000083700000, 0x0000000083700000|100%| O|  |TAMS 0x0000000083700000, 0x0000000083600000| Untracked 
|  19|0x0000000083700000, 0x0000000083800000, 0x0000000083800000|100%| O|  |TAMS 0x0000000083800000, 0x0000000083700000| Untracked 
|  20|0x0000000083800000, 0x0000000083900000, 0x0000000083900000|100%| O|  |TAMS 0x0000000083900000, 0x0000000083800000| Untracked 
|  21|0x0000000083900000, 0x0000000083a00000, 0x0000000083a00000|100%| O|  |TAMS 0x0000000083a00000, 0x0000000083900000| Untracked 
|  22|0x0000000083a00000, 0x0000000083b00000, 0x0000000083b00000|100%| O|  |TAMS 0x0000000083b00000, 0x0000000083a00000| Untracked 
|  23|0x0000000083b00000, 0x0000000083c00000, 0x0000000083c00000|100%| O|  |TAMS 0x0000000083c00000, 0x0000000083b00000| Untracked 
|  24|0x0000000083c00000, 0x0000000083d00000, 0x0000000083d00000|100%| O|  |TAMS 0x0000000083d00000, 0x0000000083c00000| Untracked 
|  25|0x0000000083d00000, 0x0000000083e00000, 0x0000000083e00000|100%| O|  |TAMS 0x0000000083e00000, 0x0000000083d00000| Untracked 
|  26|0x0000000083e00000, 0x0000000083f00000, 0x0000000083f00000|100%| O|  |TAMS 0x0000000083f00000, 0x0000000083e00000| Untracked 
|  27|0x0000000083f00000, 0x0000000084000000, 0x0000000084000000|100%| O|  |TAMS 0x0000000084000000, 0x0000000083f00000| Untracked 
|  28|0x0000000084000000, 0x0000000084100000, 0x0000000084100000|100%| O|  |TAMS 0x0000000084100000, 0x0000000084000000| Untracked 
|  29|0x0000000084100000, 0x0000000084100000, 0x0000000084200000|  0%| F|  |TAMS 0x0000000084100000, 0x0000000084100000| Untracked 
|  30|0x0000000084200000, 0x0000000084200000, 0x0000000084300000|  0%| F|  |TAMS 0x0000000084200000, 0x0000000084200000| Untracked 
|  31|0x0000000084300000, 0x0000000084300000, 0x0000000084400000|  0%| F|  |TAMS 0x0000000084300000, 0x0000000084300000| Untracked 
|  32|0x0000000084400000, 0x0000000084400000, 0x0000000084500000|  0%| F|  |TAMS 0x0000000084400000, 0x0000000084400000| Untracked 
|  33|0x0000000084500000, 0x0000000084500000, 0x0000000084600000|  0%| F|  |TAMS 0x0000000084500000, 0x0000000084500000| Untracked 
|  34|0x0000000084600000, 0x0000000084600000, 0x0000000084700000|  0%| F|  |TAMS 0x0000000084600000, 0x0000000084600000| Untracked 
|  35|0x0000000084700000, 0x0000000084700000, 0x0000000084800000|  0%| F|  |TAMS 0x0000000084700000, 0x0000000084700000| Untracked 
|  36|0x0000000084800000, 0x0000000084800000, 0x0000000084900000|  0%| F|  |TAMS 0x0000000084800000, 0x0000000084800000| Untracked 
|  37|0x0000000084900000, 0x0000000084900000, 0x0000000084a00000|  0%| F|  |TAMS 0x0000000084900000, 0x0000000084900000| Untracked 
|  38|0x0000000084a00000, 0x0000000084a00000, 0x0000000084b00000|  0%| F|  |TAMS 0x0000000084a00000, 0x0000000084a00000| Untracked 
|  39|0x0000000084b00000, 0x0000000084b00000, 0x0000000084c00000|  0%| F|  |TAMS 0x0000000084b00000, 0x0000000084b00000| Untracked 
|  40|0x0000000084c00000, 0x0000000084c00000, 0x0000000084d00000|  0%| F|  |TAMS 0x0000000084c00000, 0x0000000084c00000| Untracked 
|  41|0x0000000084d00000, 0x0000000084d00000, 0x0000000084e00000|  0%| F|  |TAMS 0x0000000084d00000, 0x0000000084d00000| Untracked 
|  42|0x0000000084e00000, 0x0000000084e00000, 0x0000000084f00000|  0%| F|  |TAMS 0x0000000084e00000, 0x0000000084e00000| Untracked 
|  43|0x0000000084f00000, 0x0000000084f00000, 0x0000000085000000|  0%| F|  |TAMS 0x0000000084f00000, 0x0000000084f00000| Untracked 
|  44|0x0000000085000000, 0x0000000085000000, 0x0000000085100000|  0%| F|  |TAMS 0x0000000085000000, 0x0000000085000000| Untracked 
|  45|0x0000000085100000, 0x0000000085100000, 0x0000000085200000|  0%| F|  |TAMS 0x0000000085100000, 0x0000000085100000| Untracked 
|  46|0x0000000085200000, 0x0000000085200000, 0x0000000085300000|  0%| F|  |TAMS 0x0000000085200000, 0x0000000085200000| Untracked 
|  47|0x0000000085300000, 0x0000000085300000, 0x0000000085400000|  0%| F|  |TAMS 0x0000000085300000, 0x0000000085300000| Untracked 
|  48|0x0000000085400000, 0x0000000085400000, 0x0000000085500000|  0%| F|  |TAMS 0x0000000085400000, 0x0000000085400000| Untracked 
|  49|0x0000000085500000, 0x0000000085500000, 0x0000000085600000|  0%| F|  |TAMS 0x0000000085500000, 0x0000000085500000| Untracked 
|  50|0x0000000085600000, 0x0000000085600000, 0x0000000085700000|  0%| F|  |TAMS 0x0000000085600000, 0x0000000085600000| Untracked 
|  51|0x0000000085700000, 0x0000000085700000, 0x0000000085800000|  0%| F|  |TAMS 0x0000000085700000, 0x0000000085700000| Untracked 
|  52|0x0000000085800000, 0x0000000085800000, 0x0000000085900000|  0%| F|  |TAMS 0x0000000085800000, 0x0000000085800000| Untracked 
|  53|0x0000000085900000, 0x0000000085900000, 0x0000000085a00000|  0%| F|  |TAMS 0x0000000085900000, 0x0000000085900000| Untracked 
|  54|0x0000000085a00000, 0x0000000085a00000, 0x0000000085b00000|  0%| F|  |TAMS 0x0000000085a00000, 0x0000000085a00000| Untracked 
|  55|0x0000000085b00000, 0x0000000085b00000, 0x0000000085c00000|  0%| F|  |TAMS 0x0000000085b00000, 0x0000000085b00000| Untracked 
|  56|0x0000000085c00000, 0x0000000085c00000, 0x0000000085d00000|  0%| F|  |TAMS 0x0000000085c00000, 0x0000000085c00000| Untracked 
|  57|0x0000000085d00000, 0x0000000085d00000, 0x0000000085e00000|  0%| F|  |TAMS 0x0000000085d00000, 0x0000000085d00000| Untracked 
|  58|0x0000000085e00000, 0x0000000085e00000, 0x0000000085f00000|  0%| F|  |TAMS 0x0000000085e00000, 0x0000000085e00000| Untracked 
|  59|0x0000000085f00000, 0x0000000085f00000, 0x0000000086000000|  0%| F|  |TAMS 0x0000000085f00000, 0x0000000085f00000| Untracked 
|  60|0x0000000086000000, 0x0000000086000000, 0x0000000086100000|  0%| F|  |TAMS 0x0000000086000000, 0x0000000086000000| Untracked 
|  61|0x0000000086100000, 0x0000000086100000, 0x0000000086200000|  0%| F|  |TAMS 0x0000000086100000, 0x0000000086100000| Untracked 
|  62|0x0000000086200000, 0x0000000086200000, 0x0000000086300000|  0%| F|  |TAMS 0x0000000086200000, 0x0000000086200000| Untracked 
|  63|0x0000000086300000, 0x0000000086300000, 0x0000000086400000|  0%| F|  |TAMS 0x0000000086300000, 0x0000000086300000| Untracked 
|  64|0x0000000086400000, 0x0000000086400000, 0x0000000086500000|  0%| F|  |TAMS 0x0000000086400000, 0x0000000086400000| Untracked 
|  65|0x0000000086500000, 0x0000000086500000, 0x0000000086600000|  0%| F|  |TAMS 0x0000000086500000, 0x0000000086500000| Untracked 
|  66|0x0000000086600000, 0x0000000086600000, 0x0000000086700000|  0%| F|  |TAMS 0x0000000086600000, 0x0000000086600000| Untracked 
|  67|0x0000000086700000, 0x0000000086700000, 0x0000000086800000|  0%| F|  |TAMS 0x0000000086700000, 0x0000000086700000| Untracked 
|  68|0x0000000086800000, 0x0000000086800000, 0x0000000086900000|  0%| F|  |TAMS 0x0000000086800000, 0x0000000086800000| Untracked 
|  69|0x0000000086900000, 0x0000000086900000, 0x0000000086a00000|  0%| F|  |TAMS 0x0000000086900000, 0x0000000086900000| Untracked 
|  70|0x0000000086a00000, 0x0000000086a00000, 0x0000000086b00000|  0%| F|  |TAMS 0x0000000086a00000, 0x0000000086a00000| Untracked 
|  71|0x0000000086b00000, 0x0000000086b00000, 0x0000000086c00000|  0%| F|  |TAMS 0x0000000086b00000, 0x0000000086b00000| Untracked 
|  72|0x0000000086c00000, 0x0000000086c00000, 0x0000000086d00000|  0%| F|  |TAMS 0x0000000086c00000, 0x0000000086c00000| Untracked 
|  73|0x0000000086d00000, 0x0000000086d00000, 0x0000000086e00000|  0%| F|  |TAMS 0x0000000086d00000, 0x0000000086d00000| Untracked 
|  74|0x0000000086e00000, 0x0000000086e00000, 0x0000000086f00000|  0%| F|  |TAMS 0x0000000086e00000, 0x0000000086e00000| Untracked 
|  75|0x0000000086f00000, 0x0000000086f00000, 0x0000000087000000|  0%| F|  |TAMS 0x0000000086f00000, 0x0000000086f00000| Untracked 
|  76|0x0000000087000000, 0x0000000087000000, 0x0000000087100000|  0%| F|  |TAMS 0x0000000087000000, 0x0000000087000000| Untracked 
|  77|0x0000000087100000, 0x0000000087100000, 0x0000000087200000|  0%| F|  |TAMS 0x0000000087100000, 0x0000000087100000| Untracked 
|  78|0x0000000087200000, 0x0000000087200000, 0x0000000087300000|  0%| F|  |TAMS 0x0000000087200000, 0x0000000087200000| Untracked 
|  79|0x0000000087300000, 0x0000000087300000, 0x0000000087400000|  0%| F|  |TAMS 0x0000000087300000, 0x0000000087300000| Untracked 
|  80|0x0000000087400000, 0x0000000087400000, 0x0000000087500000|  0%| F|  |TAMS 0x0000000087400000, 0x0000000087400000| Untracked 
|  81|0x0000000087500000, 0x0000000087500000, 0x0000000087600000|  0%| F|  |TAMS 0x0000000087500000, 0x0000000087500000| Untracked 
|  82|0x0000000087600000, 0x0000000087600000, 0x0000000087700000|  0%| F|  |TAMS 0x0000000087600000, 0x0000000087600000| Untracked 
|  83|0x0000000087700000, 0x0000000087700000, 0x0000000087800000|  0%| F|  |TAMS 0x0000000087700000, 0x0000000087700000| Untracked 
|  84|0x0000000087800000, 0x0000000087800000, 0x0000000087900000|  0%| F|  |TAMS 0x0000000087800000, 0x0000000087800000| Untracked 
|  85|0x0000000087900000, 0x0000000087900000, 0x0000000087a00000|  0%| F|  |TAMS 0x0000000087900000, 0x0000000087900000| Untracked 
|  86|0x0000000087a00000, 0x0000000087a00000, 0x0000000087b00000|  0%| F|  |TAMS 0x0000000087a00000, 0x0000000087a00000| Untracked 
|  87|0x0000000087b00000, 0x0000000087b00000, 0x0000000087c00000|  0%| F|  |TAMS 0x0000000087b00000, 0x0000000087b00000| Untracked 
|  88|0x0000000087c00000, 0x0000000087c00000, 0x0000000087d00000|  0%| F|  |TAMS 0x0000000087c00000, 0x0000000087c00000| Untracked 
|  89|0x0000000087d00000, 0x0000000087d00000, 0x0000000087e00000|  0%| F|  |TAMS 0x0000000087d00000, 0x0000000087d00000| Untracked 
|  90|0x0000000087e00000, 0x0000000087e00000, 0x0000000087f00000|  0%| F|  |TAMS 0x0000000087e00000, 0x0000000087e00000| Untracked 
|  91|0x0000000087f00000, 0x0000000087f00000, 0x0000000088000000|  0%| F|  |TAMS 0x0000000087f00000, 0x0000000087f00000| Untracked 
|  92|0x0000000088000000, 0x0000000088000000, 0x0000000088100000|  0%| F|  |TAMS 0x0000000088000000, 0x0000000088000000| Untracked 
|  93|0x0000000088100000, 0x0000000088100000, 0x0000000088200000|  0%| F|  |TAMS 0x0000000088100000, 0x0000000088100000| Untracked 
|  94|0x0000000088200000, 0x0000000088200000, 0x0000000088300000|  0%| F|  |TAMS 0x0000000088200000, 0x0000000088200000| Untracked 
|  95|0x0000000088300000, 0x0000000088300000, 0x0000000088400000|  0%| F|  |TAMS 0x0000000088300000, 0x0000000088300000| Untracked 
|  96|0x0000000088400000, 0x0000000088400000, 0x0000000088500000|  0%| F|  |TAMS 0x0000000088400000, 0x0000000088400000| Untracked 
|  97|0x0000000088500000, 0x0000000088500000, 0x0000000088600000|  0%| F|  |TAMS 0x0000000088500000, 0x0000000088500000| Untracked 
|  98|0x0000000088600000, 0x0000000088600000, 0x0000000088700000|  0%| F|  |TAMS 0x0000000088600000, 0x0000000088600000| Untracked 
|  99|0x0000000088700000, 0x0000000088700000, 0x0000000088800000|  0%| F|  |TAMS 0x0000000088700000, 0x0000000088700000| Untracked 
| 100|0x0000000088800000, 0x0000000088800000, 0x0000000088900000|  0%| F|  |TAMS 0x0000000088800000, 0x0000000088800000| Untracked 
| 101|0x0000000088900000, 0x0000000088900000, 0x0000000088a00000|  0%| F|  |TAMS 0x0000000088900000, 0x0000000088900000| Untracked 
| 102|0x0000000088a00000, 0x0000000088a00000, 0x0000000088b00000|  0%| F|  |TAMS 0x0000000088a00000, 0x0000000088a00000| Untracked 
| 103|0x0000000088b00000, 0x0000000088b00000, 0x0000000088c00000|  0%| F|  |TAMS 0x0000000088b00000, 0x0000000088b00000| Untracked 
| 104|0x0000000088c00000, 0x0000000088c00000, 0x0000000088d00000|  0%| F|  |TAMS 0x0000000088c00000, 0x0000000088c00000| Untracked 
| 105|0x0000000088d00000, 0x0000000088d00000, 0x0000000088e00000|  0%| F|  |TAMS 0x0000000088d00000, 0x0000000088d00000| Untracked 
| 106|0x0000000088e00000, 0x0000000088e00000, 0x0000000088f00000|  0%| F|  |TAMS 0x0000000088e00000, 0x0000000088e00000| Untracked 
| 107|0x0000000088f00000, 0x0000000088f00000, 0x0000000089000000|  0%| F|  |TAMS 0x0000000088f00000, 0x0000000088f00000| Untracked 
| 108|0x0000000089000000, 0x0000000089000000, 0x0000000089100000|  0%| F|  |TAMS 0x0000000089000000, 0x0000000089000000| Untracked 
| 109|0x0000000089100000, 0x0000000089100000, 0x0000000089200000|  0%| F|  |TAMS 0x0000000089100000, 0x0000000089100000| Untracked 
| 110|0x0000000089200000, 0x0000000089200000, 0x0000000089300000|  0%| F|  |TAMS 0x0000000089200000, 0x0000000089200000| Untracked 
| 111|0x0000000089300000, 0x0000000089300000, 0x0000000089400000|  0%| F|  |TAMS 0x0000000089300000, 0x0000000089300000| Untracked 
| 112|0x0000000089400000, 0x0000000089500000, 0x0000000089500000|100%| E|  |TAMS 0x0000000089400000, 0x0000000089400000| Complete 
| 113|0x0000000089500000, 0x0000000089600000, 0x0000000089600000|100%| E|CS|TAMS 0x0000000089500000, 0x0000000089500000| Complete 
| 114|0x0000000089600000, 0x0000000089700000, 0x0000000089700000|100%| S|CS|TAMS 0x0000000089600000, 0x0000000089600000| Complete 
| 115|0x0000000089700000, 0x0000000089800000, 0x0000000089800000|100%| S|CS|TAMS 0x0000000089700000, 0x0000000089700000| Complete 
| 116|0x0000000089800000, 0x0000000089900000, 0x0000000089900000|100%| S|CS|TAMS 0x0000000089800000, 0x0000000089800000| Complete 
| 117|0x0000000089900000, 0x0000000089a00000, 0x0000000089a00000|100%| S|CS|TAMS 0x0000000089900000, 0x0000000089900000| Complete 
| 118|0x0000000089a00000, 0x0000000089b00000, 0x0000000089b00000|100%| S|CS|TAMS 0x0000000089a00000, 0x0000000089a00000| Complete 
| 119|0x0000000089b00000, 0x0000000089c00000, 0x0000000089c00000|100%| S|CS|TAMS 0x0000000089b00000, 0x0000000089b00000| Complete 
| 120|0x0000000089c00000, 0x0000000089d00000, 0x0000000089d00000|100%| E|CS|TAMS 0x0000000089c00000, 0x0000000089c00000| Complete 
| 121|0x0000000089d00000, 0x0000000089e00000, 0x0000000089e00000|100%| E|CS|TAMS 0x0000000089d00000, 0x0000000089d00000| Complete 
| 122|0x0000000089e00000, 0x0000000089f00000, 0x0000000089f00000|100%| E|CS|TAMS 0x0000000089e00000, 0x0000000089e00000| Complete 
| 123|0x0000000089f00000, 0x000000008a000000, 0x000000008a000000|100%| E|CS|TAMS 0x0000000089f00000, 0x0000000089f00000| Complete 
| 124|0x000000008a000000, 0x000000008a100000, 0x000000008a100000|100%| E|CS|TAMS 0x000000008a000000, 0x000000008a000000| Complete 
| 125|0x000000008a100000, 0x000000008a200000, 0x000000008a200000|100%| E|CS|TAMS 0x000000008a100000, 0x000000008a100000| Complete 
| 126|0x000000008a200000, 0x000000008a300000, 0x000000008a300000|100%| E|CS|TAMS 0x000000008a200000, 0x000000008a200000| Complete 
| 127|0x000000008a300000, 0x000000008a400000, 0x000000008a400000|100%| E|CS|TAMS 0x000000008a300000, 0x000000008a300000| Complete 
| 128|0x000000008a400000, 0x000000008a500000, 0x000000008a500000|100%| E|CS|TAMS 0x000000008a400000, 0x000000008a400000| Complete 
| 129|0x000000008a500000, 0x000000008a600000, 0x000000008a600000|100%| E|CS|TAMS 0x000000008a500000, 0x000000008a500000| Complete 
| 130|0x000000008a600000, 0x000000008a700000, 0x000000008a700000|100%| E|CS|TAMS 0x000000008a600000, 0x000000008a600000| Complete 
| 131|0x000000008a700000, 0x000000008a800000, 0x000000008a800000|100%| E|CS|TAMS 0x000000008a700000, 0x000000008a700000| Complete 
| 132|0x000000008a800000, 0x000000008a900000, 0x000000008a900000|100%| E|CS|TAMS 0x000000008a800000, 0x000000008a800000| Complete 
| 133|0x000000008a900000, 0x000000008aa00000, 0x000000008aa00000|100%| E|CS|TAMS 0x000000008a900000, 0x000000008a900000| Complete 
| 134|0x000000008aa00000, 0x000000008ab00000, 0x000000008ab00000|100%| E|CS|TAMS 0x000000008aa00000, 0x000000008aa00000| Complete 
| 135|0x000000008ab00000, 0x000000008ac00000, 0x000000008ac00000|100%| E|CS|TAMS 0x000000008ab00000, 0x000000008ab00000| Complete 
| 136|0x000000008ac00000, 0x000000008ad00000, 0x000000008ad00000|100%| E|CS|TAMS 0x000000008ac00000, 0x000000008ac00000| Complete 
| 137|0x000000008ad00000, 0x000000008ae00000, 0x000000008ae00000|100%| E|CS|TAMS 0x000000008ad00000, 0x000000008ad00000| Complete 
| 138|0x000000008ae00000, 0x000000008af00000, 0x000000008af00000|100%| E|CS|TAMS 0x000000008ae00000, 0x000000008ae00000| Complete 
| 139|0x000000008af00000, 0x000000008b000000, 0x000000008b000000|100%| E|CS|TAMS 0x000000008af00000, 0x000000008af00000| Complete 
| 140|0x000000008b000000, 0x000000008b100000, 0x000000008b100000|100%| E|CS|TAMS 0x000000008b000000, 0x000000008b000000| Complete 
| 141|0x000000008b100000, 0x000000008b200000, 0x000000008b200000|100%| E|CS|TAMS 0x000000008b100000, 0x000000008b100000| Complete 
| 142|0x000000008b200000, 0x000000008b300000, 0x000000008b300000|100%| E|CS|TAMS 0x000000008b200000, 0x000000008b200000| Complete 
| 143|0x000000008b300000, 0x000000008b400000, 0x000000008b400000|100%| E|CS|TAMS 0x000000008b300000, 0x000000008b300000| Complete 
| 144|0x000000008b400000, 0x000000008b500000, 0x000000008b500000|100%| E|CS|TAMS 0x000000008b400000, 0x000000008b400000| Complete 
| 145|0x000000008b500000, 0x000000008b600000, 0x000000008b600000|100%| E|CS|TAMS 0x000000008b500000, 0x000000008b500000| Complete 
| 146|0x000000008b600000, 0x000000008b700000, 0x000000008b700000|100%| E|CS|TAMS 0x000000008b600000, 0x000000008b600000| Complete 
| 147|0x000000008b700000, 0x000000008b800000, 0x000000008b800000|100%| E|CS|TAMS 0x000000008b700000, 0x000000008b700000| Complete 
| 148|0x000000008b800000, 0x000000008b900000, 0x000000008b900000|100%| E|CS|TAMS 0x000000008b800000, 0x000000008b800000| Complete 
| 149|0x000000008b900000, 0x000000008ba00000, 0x000000008ba00000|100%| E|CS|TAMS 0x000000008b900000, 0x000000008b900000| Complete 
| 150|0x000000008ba00000, 0x000000008bb00000, 0x000000008bb00000|100%| E|CS|TAMS 0x000000008ba00000, 0x000000008ba00000| Complete 
| 151|0x000000008bb00000, 0x000000008bc00000, 0x000000008bc00000|100%| E|CS|TAMS 0x000000008bb00000, 0x000000008bb00000| Complete 

Card table byte_map: [0x000002abf5300000,0x000002abf56f0000] _byte_map_base: 0x000002abf4eee000

Marking Bits (Prev, Next): (CMBitMap*) 0x000002abec7a3338, (CMBitMap*) 0x000002abec7a3370
 Prev Bits: [0x000002abf5ae0000, 0x000002abf7a50000)
 Next Bits: [0x000002abf7a50000, 0x000002abf99c0000)

Polling page: 0x000002abea740000

Metaspace:

Usage:
  Non-class:     32.58 MB capacity,    31.78 MB ( 98%) used,   652.46 KB (  2%) free+waste,   175.38 KB ( <1%) overhead. 
      Class:      4.42 MB capacity,     3.79 MB ( 86%) used,   554.74 KB ( 12%) free+waste,    85.62 KB (  2%) overhead. 
       Both:     37.00 MB capacity,    35.57 MB ( 96%) used,     1.18 MB (  3%) free+waste,   261.00 KB ( <1%) overhead. 

Virtual space:
  Non-class space:       34.00 MB reserved,      32.75 MB ( 96%) committed 
      Class space:        1.00 GB reserved,       4.50 MB ( <1%) committed 
             Both:        1.03 GB reserved,      37.25 MB (  4%) committed 

Chunk freelists:
   Non-Class:  0 bytes
       Class:  0 bytes
        Both:  0 bytes

MaxMetaspaceSize: 17179869184.00 GB
CompressedClassSpaceSize: 1.00 GB
Initial GC threshold: 20.80 MB
Current GC threshold: 58.75 MB
CDS: off

CodeHeap 'non-profiled nmethods': size=120064Kb used=2371Kb max_used=2371Kb free=117692Kb
 bounds [0x000002ab87ac0000, 0x000002ab87d30000, 0x000002ab8f000000]
CodeHeap 'profiled nmethods': size=120000Kb used=9379Kb max_used=9379Kb free=110620Kb
 bounds [0x000002ab80590000, 0x000002ab80ec0000, 0x000002ab87ac0000]
CodeHeap 'non-nmethods': size=5696Kb used=1290Kb max_used=1347Kb free=4405Kb
 bounds [0x000002ab80000000, 0x000002ab80270000, 0x000002ab80590000]
 total_blobs=4823 nmethods=4238 adapters=496
 compilation: enabled
              stopped_count=0, restarted_count=0
 full_count=0

Compilation events (20 events):
Event: 12.917 Thread 0x000002abfbefb000 nmethod 4352 0x000002ab80eb6a10 code [0x000002ab80eb6be0, 0x000002ab80eb6e98]
Event: 12.925 Thread 0x000002abfbefb000 4364       1       java.lang.invoke.ClassSpecializer::topClass (5 bytes)
Event: 12.926 Thread 0x000002abfbefb000 nmethod 4364 0x000002ab87d0df90 code [0x000002ab87d0e140, 0x000002ab87d0e1f8]
Event: 12.926 Thread 0x000002abfd49e000 4363       4       jdk.internal.org.objectweb.asm.Type::getType (269 bytes)
Event: 12.927 Thread 0x000002abfbee9000 nmethod 4349 0x000002ab87d0e890 code [0x000002ab87d0ea80, 0x000002ab87d0eec8]
Event: 12.927 Thread 0x000002abfbee9000 4366       4       java.lang.AbstractStringBuilder::appendChars (130 bytes)
Event: 12.928 Thread 0x000002abfbefb000 4369       3       java.lang.invoke.DirectMethodHandle::make (21 bytes)
Event: 12.928 Thread 0x000002abfbefb000 nmethod 4369 0x000002ab80eb6f90 code [0x000002ab80eb7160, 0x000002ab80eb7348]
Event: 12.928 Thread 0x000002abfbefb000 4370       3       java.util.ImmutableCollections$ListN::<init> (39 bytes)
Event: 12.929 Thread 0x000002abfbefb000 nmethod 4370 0x000002ab80eb7490 code [0x000002ab80eb76a0, 0x000002ab80eb7dc8]
Event: 12.929 Thread 0x000002abfbefb000 4371       3       java.lang.invoke.LambdaFormBuffer::replaceName (124 bytes)
Event: 12.929 Thread 0x000002abfbefb000 nmethod 4371 0x000002ab80eb8010 code [0x000002ab80eb81e0, 0x000002ab80eb8388]
Event: 12.931 Thread 0x000002abfbefb000 4376       3       jdk.internal.org.objectweb.asm.ClassWriter::visitSource (36 bytes)
Event: 12.931 Thread 0x000002abfbefb000 nmethod 4376 0x000002ab80eb8490 code [0x000002ab80eb8680, 0x000002ab80eb8af8]
Event: 12.931 Thread 0x000002abfd49e000 nmethod 4363 0x000002ab87d0fc90 code [0x000002ab87d0fe40, 0x000002ab87d100d8]
Event: 12.932 Thread 0x000002abfd49e000 4357       4       java.lang.invoke.MethodTypeForm::canonicalize (233 bytes)
Event: 12.933 Thread 0x000002abfd49e000 nmethod 4357 0x000002ab87d10590 code [0x000002ab87d10720, 0x000002ab87d107f8]
Event: 12.933 Thread 0x000002abfd49e000 4373       4       java.lang.invoke.MethodType::makeImpl (108 bytes)
Event: 12.938 Thread 0x000002abfbee9000 nmethod 4366 0x000002ab87d10910 code [0x000002ab87d10aa0, 0x000002ab87d10d78]
Event: 12.938 Thread 0x000002abfbee9000 4374       4       java.lang.invoke.MethodType$ConcurrentWeakInternSet::get (54 bytes)

GC Heap History (16 events):
Event: 0.829 GC heap before
{Heap before GC invocations=0 (full 0):
 garbage-first heap   total 129024K, used 15360K [0x0000000082400000, 0x0000000100000000)
  region size 1024K, 14 young (14336K), 0 survivors (0K)
 Metaspace       used 10087K, capacity 10244K, committed 10496K, reserved 1058816K
  class space    used 930K, capacity 990K, committed 1024K, reserved 1048576K
}
Event: 0.834 GC heap after
{Heap after GC invocations=1 (full 0):
 garbage-first heap   total 129024K, used 4062K [0x0000000082400000, 0x0000000100000000)
  region size 1024K, 2 young (2048K), 2 survivors (2048K)
 Metaspace       used 10087K, capacity 10244K, committed 10496K, reserved 1058816K
  class space    used 930K, capacity 990K, committed 1024K, reserved 1048576K
}
Event: 1.156 GC heap before
{Heap before GC invocations=1 (full 0):
 garbage-first heap   total 129024K, used 16350K [0x0000000082400000, 0x0000000100000000)
  region size 1024K, 14 young (14336K), 2 survivors (2048K)
 Metaspace       used 12710K, capacity 12936K, committed 13056K, reserved 1060864K
  class space    used 1173K, capacity 1247K, committed 1280K, reserved 1048576K
}
Event: 1.160 GC heap after
{Heap after GC invocations=2 (full 0):
 garbage-first heap   total 129024K, used 4505K [0x0000000082400000, 0x0000000100000000)
  region size 1024K, 1 young (1024K), 1 survivors (1024K)
 Metaspace       used 12710K, capacity 12936K, committed 13056K, reserved 1060864K
  class space    used 1173K, capacity 1247K, committed 1280K, reserved 1048576K
}
Event: 2.424 GC heap before
{Heap before GC invocations=2 (full 0):
 garbage-first heap   total 129024K, used 36249K [0x0000000082400000, 0x0000000100000000)
  region size 1024K, 32 young (32768K), 1 survivors (1024K)
 Metaspace       used 17602K, capacity 17890K, committed 17920K, reserved 1064960K
  class space    used 1634K, capacity 1770K, committed 1792K, reserved 1048576K
}
Event: 2.434 GC heap after
{Heap after GC invocations=3 (full 0):
 garbage-first heap   total 129024K, used 10028K [0x0000000082400000, 0x0000000100000000)
  region size 1024K, 4 young (4096K), 4 survivors (4096K)
 Metaspace       used 17602K, capacity 17890K, committed 17920K, reserved 1064960K
  class space    used 1634K, capacity 1770K, committed 1792K, reserved 1048576K
}
Event: 2.998 GC heap before
{Heap before GC invocations=3 (full 0):
 garbage-first heap   total 129024K, used 57132K [0x0000000082400000, 0x0000000100000000)
  region size 1024K, 50 young (51200K), 4 survivors (4096K)
 Metaspace       used 19050K, capacity 19300K, committed 19584K, reserved 1067008K
  class space    used 1730K, capacity 1834K, committed 1920K, reserved 1048576K
}
Event: 3.014 GC heap after
{Heap after GC invocations=4 (full 0):
 garbage-first heap   total 129024K, used 17507K [0x0000000082400000, 0x0000000100000000)
  region size 1024K, 7 young (7168K), 7 survivors (7168K)
 Metaspace       used 19050K, capacity 19300K, committed 19584K, reserved 1067008K
  class space    used 1730K, capacity 1834K, committed 1920K, reserved 1048576K
}
Event: 3.477 GC heap before
{Heap before GC invocations=4 (full 0):
 garbage-first heap   total 129024K, used 52323K [0x0000000082400000, 0x0000000100000000)
  region size 1024K, 42 young (43008K), 7 survivors (7168K)
 Metaspace       used 20929K, capacity 21139K, committed 21248K, reserved 1069056K
  class space    used 1904K, capacity 1999K, committed 2048K, reserved 1048576K
}
Event: 3.490 GC heap after
{Heap after GC invocations=5 (full 0):
 garbage-first heap   total 129024K, used 20714K [0x0000000082400000, 0x0000000100000000)
  region size 1024K, 3 young (3072K), 3 survivors (3072K)
 Metaspace       used 20929K, capacity 21139K, committed 21248K, reserved 1069056K
  class space    used 1904K, capacity 1999K, committed 2048K, reserved 1048576K
}
Event: 4.376 GC heap before
{Heap before GC invocations=6 (full 0):
 garbage-first heap   total 129024K, used 69866K [0x0000000082400000, 0x0000000100000000)
  region size 1024K, 51 young (52224K), 3 survivors (3072K)
 Metaspace       used 24303K, capacity 24986K, committed 25216K, reserved 1071104K
  class space    used 2370K, capacity 2638K, committed 2688K, reserved 1048576K
}
Event: 4.386 GC heap after
{Heap after GC invocations=7 (full 0):
 garbage-first heap   total 155648K, used 23672K [0x0000000082400000, 0x0000000100000000)
  region size 1024K, 6 young (6144K), 6 survivors (6144K)
 Metaspace       used 24303K, capacity 24986K, committed 25216K, reserved 1071104K
  class space    used 2370K, capacity 2638K, committed 2688K, reserved 1048576K
}
Event: 7.558 GC heap before
{Heap before GC invocations=7 (full 0):
 garbage-first heap   total 155648K, used 84088K [0x0000000082400000, 0x0000000100000000)
  region size 1024K, 65 young (66560K), 6 survivors (6144K)
 Metaspace       used 32968K, capacity 34217K, committed 34304K, reserved 1079296K
  class space    used 3500K, capacity 4048K, committed 4096K, reserved 1048576K
}
Event: 7.576 GC heap after
{Heap after GC invocations=8 (full 0):
 garbage-first heap   total 155648K, used 29689K [0x0000000082400000, 0x0000000100000000)
  region size 1024K, 9 young (9216K), 9 survivors (9216K)
 Metaspace       used 32968K, capacity 34217K, committed 34304K, reserved 1079296K
  class space    used 3500K, capacity 4048K, committed 4096K, reserved 1048576K
}
Event: 8.265 GC heap before
{Heap before GC invocations=8 (full 0):
 garbage-first heap   total 155648K, used 61433K [0x0000000082400000, 0x0000000100000000)
  region size 1024K, 41 young (41984K), 9 survivors (9216K)
 Metaspace       used 34494K, capacity 35791K, committed 35840K, reserved 1081344K
  class space    used 3646K, capacity 4189K, committed 4224K, reserved 1048576K
}
Event: 8.291 GC heap after
{Heap after GC invocations=9 (full 0):
 garbage-first heap   total 155648K, used 35840K [0x0000000082400000, 0x0000000100000000)
  region size 1024K, 6 young (6144K), 6 survivors (6144K)
 Metaspace       used 34494K, capacity 35791K, committed 35840K, reserved 1081344K
  class space    used 3646K, capacity 4189K, committed 4224K, reserved 1048576K
}

Deoptimization events (20 events):
Event: 11.421 Thread 0x000002abec763000 DEOPT PACKING pc=0x000002ab808db80d sp=0x000000e9cdef6c30
Event: 11.421 Thread 0x000002abec763000 DEOPT UNPACKING pc=0x000002ab8004a95e sp=0x000000e9cdef60f0 mode 0
Event: 11.464 Thread 0x000002abec763000 DEOPT PACKING pc=0x000002ab80932950 sp=0x000000e9cdefcb00
Event: 11.464 Thread 0x000002abec763000 DEOPT UNPACKING pc=0x000002ab8004a95e sp=0x000000e9cdefbf88 mode 0
Event: 11.477 Thread 0x000002abec763000 DEOPT PACKING pc=0x000002ab80932950 sp=0x000000e9cdefd000
Event: 11.477 Thread 0x000002abec763000 DEOPT UNPACKING pc=0x000002ab8004a95e sp=0x000000e9cdefc4a0 mode 0
Event: 11.725 Thread 0x000002abec763000 DEOPT PACKING pc=0x000002ab80932950 sp=0x000000e9cdefd000
Event: 11.725 Thread 0x000002abec763000 DEOPT UNPACKING pc=0x000002ab8004a95e sp=0x000000e9cdefc4a0 mode 0
Event: 11.933 Thread 0x000002abec763000 DEOPT PACKING pc=0x000002ab80932950 sp=0x000000e9cdefd0e0
Event: 11.933 Thread 0x000002abec763000 DEOPT UNPACKING pc=0x000002ab8004a95e sp=0x000000e9cdefc580 mode 0
Event: 12.338 Thread 0x000002abec763000 Uncommon trap: trap_request=0xffffff4d fr.pc=0x000002ab87caf444 relative=0x00000000000005e4
Event: 12.338 Thread 0x000002abec763000 Uncommon trap: reason=unstable_if action=reinterpret pc=0x000002ab87caf444 method=java.lang.AbstractStringBuilder.appendChars(Ljava/lang/CharSequence;II)V @ 4 c2
Event: 12.338 Thread 0x000002abec763000 DEOPT PACKING pc=0x000002ab87caf444 sp=0x000000e9cdefd460
Event: 12.338 Thread 0x000002abec763000 DEOPT UNPACKING pc=0x000002ab8004a1af sp=0x000000e9cdefd3b0 mode 2
Event: 12.363 Thread 0x000002abec763000 DEOPT PACKING pc=0x000002ab80e4512b sp=0x000000e9cdefcb00
Event: 12.363 Thread 0x000002abec763000 DEOPT UNPACKING pc=0x000002ab8004a95e sp=0x000000e9cdefbfa0 mode 0
Event: 12.471 Thread 0x000002abec763000 Uncommon trap: trap_request=0xffffff4d fr.pc=0x000002ab87ba7db4 relative=0x00000000000001f4
Event: 12.471 Thread 0x000002abec763000 Uncommon trap: reason=unstable_if action=reinterpret pc=0x000002ab87ba7db4 method=java.lang.AbstractStringBuilder.isLatin1()Z @ 10 c2
Event: 12.471 Thread 0x000002abec763000 DEOPT PACKING pc=0x000002ab87ba7db4 sp=0x000000e9cdefd5d0
Event: 12.471 Thread 0x000002abec763000 DEOPT UNPACKING pc=0x000002ab8004a1af sp=0x000000e9cdefd510 mode 2

Classes redefined (0 events):
No events

Internal exceptions (20 events):
Event: 9.294 Thread 0x000002abec763000 Exception <a 'java/lang/ArrayIndexOutOfBoundsException'{0x000000008a4dca48}: Index 11 out of bounds for length 11> (0x000000008a4dca48) thrown at [s\src\hotspot\share\interpreter\interpreterRuntime.cpp, line 444]
Event: 9.294 Thread 0x000002abec763000 Exception <a 'java/lang/ArrayIndexOutOfBoundsException'{0x000000008a4ddee0}> (0x000000008a4ddee0) thrown at [s\src\hotspot\share\runtime\sharedRuntime.cpp, line 606]
Event: 9.294 Thread 0x000002abec763000 Exception <a 'java/lang/ArrayIndexOutOfBoundsException'{0x000000008a4de4a8}> (0x000000008a4de4a8) thrown at [s\src\hotspot\share\runtime\sharedRuntime.cpp, line 606]
Event: 9.294 Thread 0x000002abec763000 Exception <a 'java/lang/ArrayIndexOutOfBoundsException'{0x000000008a4dea70}: Index 9 out of bounds for length 9> (0x000000008a4dea70) thrown at [s\src\hotspot\share\interpreter\interpreterRuntime.cpp, line 444]
Event: 9.295 Thread 0x000002abec763000 Exception <a 'java/lang/ArrayIndexOutOfBoundsException'{0x000000008a4e5610}> (0x000000008a4e5610) thrown at [s\src\hotspot\share\runtime\sharedRuntime.cpp, line 606]
Event: 9.295 Thread 0x000002abec763000 Exception <a 'java/lang/ArrayIndexOutOfBoundsException'{0x000000008a4e5bd8}> (0x000000008a4e5bd8) thrown at [s\src\hotspot\share\runtime\sharedRuntime.cpp, line 606]
Event: 9.295 Thread 0x000002abec763000 Exception <a 'java/lang/ArrayIndexOutOfBoundsException'{0x000000008a4e61a0}: Index 7 out of bounds for length 7> (0x000000008a4e61a0) thrown at [s\src\hotspot\share\interpreter\interpreterRuntime.cpp, line 444]
Event: 9.295 Thread 0x000002abec763000 Exception <a 'java/lang/ArrayIndexOutOfBoundsException'{0x000000008a4e92d8}> (0x000000008a4e92d8) thrown at [s\src\hotspot\share\runtime\sharedRuntime.cpp, line 606]
Event: 9.295 Thread 0x000002abec763000 Exception <a 'java/lang/ArrayIndexOutOfBoundsException'{0x000000008a4e98a0}> (0x000000008a4e98a0) thrown at [s\src\hotspot\share\runtime\sharedRuntime.cpp, line 606]
Event: 9.295 Thread 0x000002abec763000 Exception <a 'java/lang/ArrayIndexOutOfBoundsException'{0x000000008a4e9e68}: Index 7 out of bounds for length 7> (0x000000008a4e9e68) thrown at [s\src\hotspot\share\interpreter\interpreterRuntime.cpp, line 444]
Event: 9.296 Thread 0x000002abec763000 Exception <a 'java/lang/ArrayIndexOutOfBoundsException'{0x000000008a4ed470}> (0x000000008a4ed470) thrown at [s\src\hotspot\share\runtime\sharedRuntime.cpp, line 606]
Event: 9.296 Thread 0x000002abec763000 Exception <a 'java/lang/ArrayIndexOutOfBoundsException'{0x000000008a4eda38}> (0x000000008a4eda38) thrown at [s\src\hotspot\share\runtime\sharedRuntime.cpp, line 606]
Event: 9.296 Thread 0x000002abec763000 Exception <a 'java/lang/ArrayIndexOutOfBoundsException'{0x000000008a4ee000}: Index 7 out of bounds for length 7> (0x000000008a4ee000) thrown at [s\src\hotspot\share\interpreter\interpreterRuntime.cpp, line 444]
Event: 9.321 Thread 0x000002abec763000 Exception <a 'java/lang/IncompatibleClassChangeError'{0x000000008a223b40}: Found class java.lang.Object, but interface was expected> (0x000000008a223b40) thrown at [s\src\hotspot\share\interpreter\linkResolver.cpp, line 839]
Event: 9.322 Thread 0x000002abec763000 Exception <a 'java/lang/IncompatibleClassChangeError'{0x000000008a22a610}: Found class java.lang.Object, but interface was expected> (0x000000008a22a610) thrown at [s\src\hotspot\share\interpreter\linkResolver.cpp, line 839]
Event: 9.480 Thread 0x000002abec763000 Exception <a 'java/lang/IncompatibleClassChangeError'{0x000000008a277418}: Found class java.lang.Object, but interface was expected> (0x000000008a277418) thrown at [s\src\hotspot\share\interpreter\linkResolver.cpp, line 839]
Event: 9.480 Thread 0x000002abec763000 Exception <a 'java/lang/IncompatibleClassChangeError'{0x000000008a27a360}: Found class java.lang.Object, but interface was expected> (0x000000008a27a360) thrown at [s\src\hotspot\share\interpreter\linkResolver.cpp, line 839]
Event: 9.481 Thread 0x000002abec763000 Exception <a 'java/lang/IncompatibleClassChangeError'{0x000000008a27f750}: Found class java.lang.Object, but interface was expected> (0x000000008a27f750) thrown at [s\src\hotspot\share\interpreter\linkResolver.cpp, line 839]
Event: 9.482 Thread 0x000002abec763000 Exception <a 'java/lang/IncompatibleClassChangeError'{0x000000008a282cc0}: Found class java.lang.Object, but interface was expected> (0x000000008a282cc0) thrown at [s\src\hotspot\share\interpreter\linkResolver.cpp, line 839]
Event: 12.922 Thread 0x000002abec763000 Exception <a 'java/lang/NoSuchMethodError'{0x000000008945c5d0}: 'java.lang.Object java.lang.invoke.DirectMethodHandle$Holder.invokeStatic(java.lang.Object, java.lang.Object, java.lang.Object, java.lang.Object, java.lang.Object, java.lang.Object, int)'> (0x000000008945c5d0) thrown at [s\src\hotspot\share\interpreter\linkResolver.cpp, line 773]

Events (20 events):
Event: 12.908 loading class org/openqa/selenium/remote/ErrorCodes$KnownError done
Event: 12.908 loading class org/openqa/selenium/remote/ErrorCodes$KnownError
Event: 12.908 loading class org/openqa/selenium/remote/ErrorCodes$KnownError done
Event: 12.909 loading class org/openqa/selenium/remote/ErrorCodec$W3CError
Event: 12.909 loading class org/openqa/selenium/remote/ErrorCodec$W3CError done
Event: 12.909 loading class org/openqa/selenium/remote/ErrorCodec$W3CError
Event: 12.909 loading class org/openqa/selenium/remote/ErrorCodec$W3CError done
Event: 12.911 loading class java/util/TreeMap$EntrySpliterator
Event: 12.911 loading class java/util/TreeMap$EntrySpliterator done
Event: 12.922 loading class java/lang/invoke/BoundMethodHandle$Species_LLLI
Event: 12.922 loading class java/lang/invoke/BoundMethodHandle$Species_LLLI done
Event: 12.923 loading class java/lang/invoke/BoundMethodHandle$Species_LLLII
Event: 12.923 loading class java/lang/invoke/BoundMethodHandle$Species_LLLII done
Event: 12.925 loading class java/lang/invoke/BoundMethodHandle$Species_LLLIIL
Event: 12.925 loading class java/lang/invoke/BoundMethodHandle$Species_LLLIIL done
Event: 12.926 Thread 0x000002abfd49e000 Thread added: 0x000002abfd49e000
Event: 12.927 loading class java/lang/invoke/BoundMethodHandle$Species_LLLIILL
Event: 12.927 loading class java/lang/invoke/BoundMethodHandle$Species_LLLIILL done
Event: 12.930 loading class java/lang/invoke/BoundMethodHandle$Species_LLLIILLL
Event: 12.930 loading class java/lang/invoke/BoundMethodHandle$Species_LLLIILLL done


Dynamic libraries:
0x00007ff6ed3b0000 - 0x00007ff6ed3be000 	C:\Users\Admin\.jdks\corretto-11.0.26\bin\java.exe
0x00007ff86fbf0000 - 0x00007ff86fde8000 	C:\Windows\SYSTEM32\ntdll.dll
0x00007ff86f6e0000 - 0x00007ff86f79d000 	C:\Windows\System32\KERNEL32.DLL
0x00007ff86d310000 - 0x00007ff86d5de000 	C:\Windows\System32\KERNELBASE.dll
0x00007ff86d610000 - 0x00007ff86d710000 	C:\Windows\System32\ucrtbase.dll
0x00007ff866450000 - 0x00007ff866467000 	C:\Users\Admin\.jdks\corretto-11.0.26\bin\jli.dll
0x00007ff866430000 - 0x00007ff86644b000 	C:\Users\Admin\.jdks\corretto-11.0.26\bin\VCRUNTIME140.dll
0x00007ff86f340000 - 0x00007ff86f4e0000 	C:\Windows\System32\USER32.dll
0x00007ff86dc20000 - 0x00007ff86dc42000 	C:\Windows\System32\win32u.dll
0x00007ff86c720000 - 0x00007ff86c9ba000 	C:\Windows\WinSxS\amd64_microsoft.windows.common-controls_6595b64144ccf1df_6.0.19041.1110_none_60b5254171f9507e\COMCTL32.dll
0x00007ff86f7a0000 - 0x00007ff86f83e000 	C:\Windows\System32\msvcrt.dll
0x00007ff86f6b0000 - 0x00007ff86f6da000 	C:\Windows\System32\GDI32.dll
0x00007ff86d910000 - 0x00007ff86da1b000 	C:\Windows\System32\gdi32full.dll
0x00007ff86da20000 - 0x00007ff86dabd000 	C:\Windows\System32\msvcp_win.dll
0x00007ff86f9f0000 - 0x00007ff86fa20000 	C:\Windows\System32\IMM32.DLL
0x00007ff86b080000 - 0x00007ff86b08c000 	C:\Users\Admin\.jdks\corretto-11.0.26\bin\vcruntime140_1.dll
0x00007ff85ae90000 - 0x00007ff85af1d000 	C:\Users\Admin\.jdks\corretto-11.0.26\bin\msvcp140.dll
0x00007ff83b1e0000 - 0x00007ff83bda5000 	C:\Users\Admin\.jdks\corretto-11.0.26\bin\server\jvm.dll
0x00007ff86e3a0000 - 0x00007ff86e44e000 	C:\Windows\System32\ADVAPI32.dll
0x00007ff86f080000 - 0x00007ff86f11c000 	C:\Windows\System32\sechost.dll
0x00007ff86fa80000 - 0x00007ff86fba5000 	C:\Windows\System32\RPCRT4.dll
0x00007ff86f970000 - 0x00007ff86f9db000 	C:\Windows\System32\WS2_32.dll
0x00007ff86f9e0000 - 0x00007ff86f9e8000 	C:\Windows\System32\PSAPI.DLL
0x00007ff8697c0000 - 0x00007ff8697ca000 	C:\Windows\SYSTEM32\VERSION.dll
0x00007ff857fe0000 - 0x00007ff858007000 	C:\Windows\SYSTEM32\WINMM.dll
0x00007ff86aec0000 - 0x00007ff86aed2000 	C:\Windows\SYSTEM32\kernel.appcore.dll
0x00007ff866d00000 - 0x00007ff866d10000 	C:\Users\Admin\.jdks\corretto-11.0.26\bin\verify.dll
0x00007ff86cd40000 - 0x00007ff86cf24000 	C:\Windows\SYSTEM32\DBGHELP.DLL
0x00007ff86caf0000 - 0x00007ff86cb1c000 	C:\Windows\SYSTEM32\dbgcore.DLL
0x00007ff86d760000 - 0x00007ff86d7e2000 	C:\Windows\System32\bcryptPrimitives.dll
0x00007ff864e90000 - 0x00007ff864eb8000 	C:\Users\Admin\.jdks\corretto-11.0.26\bin\java.dll
0x00007ff866af0000 - 0x00007ff866afa000 	C:\Users\Admin\.jdks\corretto-11.0.26\bin\jimage.dll
0x00007ff866350000 - 0x00007ff86635e000 	C:\Users\Admin\.jdks\corretto-11.0.26\bin\instrument.dll
0x00007ff866120000 - 0x00007ff866138000 	C:\Users\Admin\.jdks\corretto-11.0.26\bin\zip.dll
0x00007ff86dc50000 - 0x00007ff86e394000 	C:\Windows\System32\SHELL32.dll
0x00007ff86a610000 - 0x00007ff86ada4000 	C:\Windows\SYSTEM32\windows.storage.dll
0x00007ff86ed20000 - 0x00007ff86f074000 	C:\Windows\System32\combase.dll
0x00007ff86c680000 - 0x00007ff86c6b0000 	C:\Windows\SYSTEM32\Wldp.dll
0x00007ff86ead0000 - 0x00007ff86eb7d000 	C:\Windows\System32\SHCORE.dll
0x00007ff86e5e0000 - 0x00007ff86e635000 	C:\Windows\System32\shlwapi.dll
0x00007ff86d250000 - 0x00007ff86d26f000 	C:\Windows\SYSTEM32\profapi.dll
0x00007ff8660a0000 - 0x00007ff8660b9000 	C:\Users\Admin\.jdks\corretto-11.0.26\bin\net.dll
0x00007ff869f60000 - 0x00007ff86a06a000 	C:\Windows\SYSTEM32\WINHTTP.dll
0x00007ff86c370000 - 0x00007ff86c3da000 	C:\Windows\system32\mswsock.dll
0x00007ff864e70000 - 0x00007ff864e82000 	C:\Users\Admin\.jdks\corretto-11.0.26\bin\nio.dll
0x00007ff864860000 - 0x00007ff86487a000 	F:\Java\InteliJi IDEA\IntelliJ IDEA Community Edition 2022.3\bin\breakgen64.dll
0x00007ff86d0a0000 - 0x00007ff86d0b8000 	C:\Windows\SYSTEM32\CRYPTSP.dll
0x00007ff86bd80000 - 0x00007ff86bdb4000 	C:\Windows\system32\rsaenh.dll
0x00007ff86d5e0000 - 0x00007ff86d607000 	C:\Windows\System32\bcrypt.dll
0x00007ff86d210000 - 0x00007ff86d23e000 	C:\Windows\SYSTEM32\USERENV.dll
0x00007ff86c670000 - 0x00007ff86c67c000 	C:\Windows\SYSTEM32\CRYPTBASE.dll
0x00007ff86c0a0000 - 0x00007ff86c0db000 	C:\Windows\SYSTEM32\IPHLPAPI.DLL
0x00007ff86f6a0000 - 0x00007ff86f6a8000 	C:\Windows\System32\NSI.dll
0x00007ff861d30000 - 0x00007ff861d47000 	C:\Windows\SYSTEM32\dhcpcsvc6.DLL
0x00007ff862c60000 - 0x00007ff862c7d000 	C:\Windows\SYSTEM32\dhcpcsvc.DLL
0x00007ff86c0e0000 - 0x00007ff86c1ab000 	C:\Windows\SYSTEM32\DNSAPI.dll
0x00007ff85bbe0000 - 0x00007ff85bbea000 	C:\Windows\System32\rasadhlp.dll
0x00007ff85b2b0000 - 0x00007ff85b330000 	C:\Windows\System32\fwpuclnt.dll
0x00007ff866300000 - 0x00007ff866309000 	C:\Users\Admin\.jdks\corretto-11.0.26\bin\management.dll
0x00007ff866040000 - 0x00007ff86604b000 	C:\Users\Admin\.jdks\corretto-11.0.26\bin\management_ext.dll
0x00007ff8608f0000 - 0x00007ff860917000 	C:\Users\Admin\.jdks\corretto-11.0.26\bin\sunec.dll
0x00007ff864370000 - 0x00007ff864387000 	C:\Windows\system32\napinsp.dll
0x00007ff864350000 - 0x00007ff86436b000 	C:\Windows\system32\pnrpnsp.dll
0x00007ff866d60000 - 0x00007ff866d75000 	C:\Windows\system32\wshbth.dll
0x00007ff867ae0000 - 0x00007ff867afd000 	C:\Windows\system32\NLAapi.dll
0x00007ff85bdd0000 - 0x00007ff85bde2000 	C:\Windows\System32\winrnr.dll

dbghelp: loaded successfully - version: 4.0.5 - missing functions: none
symbol engine: initialized successfully - sym options: 0x614 - pdb path: .;C:\Users\Admin\.jdks\corretto-11.0.26\bin;C:\Windows\SYSTEM32;C:\Windows\WinSxS\amd64_microsoft.windows.common-controls_6595b64144ccf1df_6.0.19041.1110_none_60b5254171f9507e;C:\Users\Admin\.jdks\corretto-11.0.26\bin\server;F:\Java\InteliJi IDEA\IntelliJ IDEA Community Edition 2022.3\bin

VM Arguments:
jvm_args: -ea -javaagent:C:\Users\Admin\.m2\repository/org/aspectj/aspectjweaver/1.9.20.1/aspectjweaver-1.9.20.1.jar -Didea.test.cyclic.buffer.size=1048576 -javaagent:F:\Java\InteliJi IDEA\IntelliJ IDEA Community Edition 2022.3\lib\idea_rt.jar=59870:F:\Java\InteliJi IDEA\IntelliJ IDEA Community Edition 2022.3\bin -Dfile.encoding=UTF-8 
java_command: com.intellij.rt.testng.RemoteTestNGStarter -usedefaultlisteners false -socket59869 @w@C:\Users\Admin\AppData\Local\Temp\idea_working_dirs_testng.tmp -temp C:\Users\Admin\AppData\Local\Temp\idea_testng.tmp
java_class_path (initial): F:\Java\InteliJi IDEA\IntelliJ IDEA Community Edition 2022.3\lib\idea_rt.jar;F:\Java\InteliJi IDEA\IntelliJ IDEA Community Edition 2022.3\plugins\testng\lib\testng-rt.jar;C:\Users\Admin\IdeaProjects\iviettech-AT03-EBanking\target\test-classes;C:\Users\Admin\IdeaProjects\iviettech-AT03-EBanking\target\classes;C:\Users\Admin\.m2\repository\org\testng\testng\7.11.0\testng-7.11.0.jar;C:\Users\Admin\.m2\repository\org\slf4j\slf4j-api\2.0.16\slf4j-api-2.0.16.jar;C:\Users\Admin\.m2\repository\org\jcommander\jcommander\1.83\jcommander-1.83.jar;C:\Users\Admin\.m2\repository\org\webjars\jquery\3.7.1\jquery-3.7.1.jar;C:\Users\Admin\.m2\repository\org\seleniumhq\selenium\selenium-java\4.33.0\selenium-java-4.33.0.jar;C:\Users\Admin\.m2\repository\org\seleniumhq\selenium\selenium-api\4.33.0\selenium-api-4.33.0.jar;C:\Users\Admin\.m2\repository\org\jspecify\jspecify\1.0.0\jspecify-1.0.0.jar;C:\Users\Admin\.m2\repository\org\seleniumhq\selenium\selenium-chrome-driver\4.33.0\selenium-chrome-driver-4.33.0.jar;C:\Users\Admin\.m2\repository\com\google\auto\service\auto-service-annotations\1.1.1\auto-service-annotations-1.1.1.jar;C:\Users\Admin\.m2\repository\org\seleniumhq\selenium\selenium-chromium-driver\4.33.0\selenium-chromium-driver-4.33.0.jar;C:\Users\Admin\.m2\repository\org\seleniumhq\selenium\selenium-json\4.33.0\selenium-json-4.33.0.jar;C:\Users\Admin\.m2\repository\org\seleniumhq\selenium\selenium-manager\4.33.0\selenium-manager-4.33.0.jar;C:\Users\Admin\.m2\repository\org\seleniumhq\selenium\selenium-devtools-v135\4.33.0\selenium-devtools-v135-4.33.0.jar;C:\Users\Admin\.m2\repository\org\seleniumhq\selenium\selenium-devtools-v136\4.33.0\selenium-devtools-v136-4.33.0.jar;C:\Users\Admin\.m2\repository\org\seleniumhq\selenium\selenium-devtools-v137\4.33.0\selenium-devtools-v137-4.33.0.jar;C:\Users\Admin\.m2\repository\org\seleniumhq\selenium\selenium-edge-driver\4.33.0\selenium-edge-driver-4.33.0.jar;C:\Users\Admin\.m2\repository\org\seleniumhq\sel
Launcher Type: SUN_STANDARD

[Global flags]
     intx CICompilerCount                          = 3                                         {product} {ergonomic}
     uint ConcGCThreads                            = 1                                         {product} {ergonomic}
     uint G1ConcRefinementThreads                  = 4                                         {product} {ergonomic}
   size_t G1HeapRegionSize                         = 1048576                                   {product} {ergonomic}
    uintx GCDrainStackTargetSize                   = 64                                        {product} {ergonomic}
   size_t InitialHeapSize                          = 132120576                                 {product} {ergonomic}
   size_t MarkStackSize                            = 4194304                                   {product} {ergonomic}
   size_t MaxHeapSize                              = 2109734912                                {product} {ergonomic}
   size_t MaxNewSize                               = 1265631232                                {product} {ergonomic}
   size_t MinHeapDeltaBytes                        = 1048576                                   {product} {ergonomic}
    uintx NonNMethodCodeHeapSize                   = 5830732                                {pd product} {ergonomic}
    uintx NonProfiledCodeHeapSize                  = 122913754                              {pd product} {ergonomic}
    uintx ProfiledCodeHeapSize                     = 122913754                              {pd product} {ergonomic}
    uintx ReservedCodeCacheSize                    = 251658240                              {pd product} {ergonomic}
     bool SegmentedCodeCache                       = true                                      {product} {ergonomic}
     bool UseCompressedClassPointers               = true                                 {lp64_product} {ergonomic}
     bool UseCompressedOops                        = true                                 {lp64_product} {ergonomic}
     bool UseG1GC                                  = true                                      {product} {ergonomic}
     bool UseLargePagesIndividualAllocation        = false                                  {pd product} {ergonomic}

Logging:
Log output configuration:
 #0: stdout all=warning uptime,level,tags
 #1: stderr all=off uptime,level,tags

Environment Variables:
JAVA_HOME=C:\Users\Admin\.jdks\corretto-11.0.26
PATH=C:\Program Files\Common Files\Oracle\Java\javapath;C:\Program Files (x86)\Common Files\Oracle\Java\javapath;C:\Windows\system32;C:\Windows;C:\Windows\System32\Wbem;C:\Windows\System32\WindowsPowerShell\v1.0\;C:\Windows\System32\OpenSSH\;C:\Program Files (x86)\Common Files\GTK\2.0\bin;C:\Users\Admin\d n?ng Dropbox\huy phan\PC\Downloads\apache-jmeter-5.6\apache-jmeter-5.6\bin;C:\Program Files (x86)\Windows Kits\10\Windows Performance Toolkit\;C:\Program Files\Cloudflare\Cloudflare WARP\;C:\Users\Admin\AppData\Local\Microsoft\WindowsApps;F:\Java\InteliJi IDEA\IntelliJ IDEA Community Edition 2022.3\bin;;F:\Microsoft VS Code\bin;C:\Users\Admin\.jdks\corretto-11.0.26\bin;F:\setup allure\allure-2.34.0\allure-2.34.0\bin;
USERNAME=Admin
OS=Windows_NT
PROCESSOR_IDENTIFIER=Intel64 Family 6 Model 78 Stepping 3, GenuineIntel
TMP=C:\Users\Admin\AppData\Local\Temp
TEMP=C:\Users\Admin\AppData\Local\Temp



---------------  S Y S T E M  ---------------

OS: Windows 10 , 64 bit Build 19041 (10.0.19041.1806)
OS uptime: 93 days 17:17 hours

CPU:total 4 (initial active 4) (2 cores per cpu, 2 threads per core) family 6 model 78 stepping 3 microcode 0xcc, cmov, cx8, fxsr, mmx, sse, sse2, sse3, ssse3, sse4.1, sse4.2, popcnt, avx, avx2, aes, clmul, erms, 3dnowpref, lzcnt, ht, tsc, tscinvbit, bmi1, bmi2, adx, fma

Memory: 4k page, system-wide physical 8047M (613M free)
TotalPageFile size 13757M (AvailPageFile size 68M)
current process WorkingSet (physical memory assigned to process): 229M, peak: 256M
current process commit charge ("private bytes"): 297M, peak: 326M

vm_info: OpenJDK 64-Bit Server VM (11.0.26+4-LTS) for windows-amd64 JRE (11.0.26+4-LTS), built on Jan 13 2025 17:23:34 by "Administrator" with MS VC++ 16.10 / 16.11 (VS2019)

END.
